#
# There is insufficient memory for the Java Runtime Environment to continue.
# Native memory allocation (malloc) failed to allocate 32744 bytes for ChunkPool::allocate
# Possible reasons:
#   The system is out of physical RAM or swap space
#   The process is running with CompressedOops enabled, and the Java Heap may be blocking the growth of the native heap
# Possible solutions:
#   Reduce memory load on the system
#   Increase physical memory or swap space
#   Check if swap backing store is full
#   Decrease Java heap size (-Xmx/-Xms)
#   Decrease number of Java threads
#   Decrease Java thread stack sizes (-Xss)
#   Set larger code cache with -XX:ReservedCodeCacheSize=
#   JVM is running with Unscaled Compressed Oops mode in which the Java heap is
#     placed in the first 4GB address space. The Java Heap base address is the
#     maximum limit for the native heap growth. Please use -XX:HeapBaseMinAddress
#     to set the Java Heap base and to place the Java Heap above 4GB virtual address.
# This output file may be truncated or incomplete.
#
#  Out of Memory Error (./open/src/hotspot/share/memory/arena.cpp:81), pid=14640, tid=14480
#
# JRE version: Java(TM) SE Runtime Environment 18.9 (11.0.10+8) (build 11.0.10+8-LTS-162)
# Java VM: Java HotSpot(TM) 64-Bit Server VM 18.9 (11.0.10+8-LTS-162, mixed mode, tiered, compressed oops, g1 gc, windows-amd64)
# No core dump will be written. Minidumps are not enabled by default on client versions of Windows
#

---------------  S U M M A R Y ------------

Command Line: -XX:TieredStopAtLevel=1 -Xverify:none -Dspring.output.ansi.enabled=always -javaagent:C:\Program Files\JetBrains\IntelliJ IDEA 2020.3.2\lib\idea_rt.jar=56234:C:\Program Files\JetBrains\IntelliJ IDEA 2020.3.2\bin -Dcom.sun.management.jmxremote -Dspring.jmx.enabled=true -Dspring.liveBeansView.mbeanDomain -Dspring.application.admin.enabled=true -Dfile.encoding=UTF-8 com.example.furama.FuramaApplication

Host: Intel(R) Core(TM) i5-8300H CPU @ 2.30GHz, 8 cores, 7G,  Windows 10 , 64 bit Build 19041 (10.0.19041.804)
Time: Thu Mar 18 09:51:05 2021 SE Asia Standard Time elapsed time: 0.721473 seconds (0d 0h 0m 0s)

---------------  T H R E A D  ---------------

Current thread (0x0000027bbb2df000):  JavaThread "C1 CompilerThread0" daemon [_thread_in_native, id=14480, stack(0x000000ded2400000,0x000000ded2500000)]


Current CompileTask:
C1:    721 1094       1       java.net.URLStreamHandler::parseURL (1201 bytes)

Stack: [0x000000ded2400000,0x000000ded2500000]
Native frames: (J=compiled Java code, j=interpreted, Vv=VM code, C=native code)
V  [jvm.dll+0x613e6a]
V  [jvm.dll+0x74c1ff]
V  [jvm.dll+0x74d885]
V  [jvm.dll+0x74df03]
V  [jvm.dll+0x243b78]
V  [jvm.dll+0xba66b]
V  [jvm.dll+0xba9cc]
V  [jvm.dll+0x123268]
V  [jvm.dll+0x164346]
V  [jvm.dll+0x162e55]
V  [jvm.dll+0x16317a]
V  [jvm.dll+0x165a34]
V  [jvm.dll+0x11fea5]
V  [jvm.dll+0x11f71f]
V  [jvm.dll+0x11f94f]
V  [jvm.dll+0x11ebf7]
V  [jvm.dll+0x120b07]
V  [jvm.dll+0x20bbd4]
V  [jvm.dll+0x209cab]
V  [jvm.dll+0x713619]
V  [jvm.dll+0x70c314]
V  [jvm.dll+0x613036]
C  [ucrtbase.dll+0x21bb2]
C  [KERNEL32.DLL+0x17034]
C  [ntdll.dll+0x52651]


---------------  P R O C E S S  ---------------

Threads class SMR info:
_java_thread_list=0x0000027bbc313bb0, length=11, elements={
0x0000027b9c5da800, 0x0000027bbb2e4800, 0x0000027bbb2ee000, 0x0000027bbb2dd000,
0x0000027bbb2de000, 0x0000027bbb2df000, 0x0000027bbb2f6000, 0x0000027bbb269000,
0x0000027bbc120800, 0x0000027bbc122000, 0x0000027bbc302000
}

Java Threads: ( => current thread )
  0x0000027b9c5da800 JavaThread "main" [_thread_in_Java, id=14844, stack(0x000000ded1900000,0x000000ded1a00000)]
  0x0000027bbb2e4800 JavaThread "Reference Handler" daemon [_thread_blocked, id=14796, stack(0x000000ded2000000,0x000000ded2100000)]
  0x0000027bbb2ee000 JavaThread "Finalizer" daemon [_thread_blocked, id=13940, stack(0x000000ded2100000,0x000000ded2200000)]
  0x0000027bbb2dd000 JavaThread "Signal Dispatcher" daemon [_thread_blocked, id=15288, stack(0x000000ded2200000,0x000000ded2300000)]
  0x0000027bbb2de000 JavaThread "Attach Listener" daemon [_thread_blocked, id=13612, stack(0x000000ded2300000,0x000000ded2400000)]
=>0x0000027bbb2df000 JavaThread "C1 CompilerThread0" daemon [_thread_in_native, id=14480, stack(0x000000ded2400000,0x000000ded2500000)]
  0x0000027bbb2f6000 JavaThread "Sweeper thread" daemon [_thread_blocked, id=13384, stack(0x000000ded2500000,0x000000ded2600000)]
  0x0000027bbb269000 JavaThread "Common-Cleaner" daemon [_thread_blocked, id=15284, stack(0x000000ded2600000,0x000000ded2700000)]
  0x0000027bbc120800 JavaThread "Monitor Ctrl-Break" daemon [_thread_in_native, id=10620, stack(0x000000ded2700000,0x000000ded2800000)]
  0x0000027bbc122000 JavaThread "Service Thread" daemon [_thread_blocked, id=14820, stack(0x000000ded2800000,0x000000ded2900000)]
  0x0000027bbc302000 JavaThread "RMI TCP Accept-0" daemon [_thread_in_native, id=13756, stack(0x000000ded2900000,0x000000ded2a00000)]

Other Threads:
  0x0000027bbb2d0000 VMThread "VM Thread" [stack: 0x000000ded1f00000,0x000000ded2000000] [id=9808]
  0x0000027bbc31b000 WatcherThread [stack: 0x000000ded2a00000,0x000000ded2b00000] [id=15300]
  0x0000027b9c5ef800 GCTaskThread "GC Thread#0" [stack: 0x000000ded1a00000,0x000000ded1b00000] [id=14884]
  0x0000027b9c620000 ConcurrentGCThread "G1 Main Marker" [stack: 0x000000ded1b00000,0x000000ded1c00000] [id=15004]
  0x0000027b9c623000 ConcurrentGCThread "G1 Conc#0" [stack: 0x000000ded1c00000,0x000000ded1d00000] [id=3392]
  0x0000027b9c6ae000 ConcurrentGCThread "G1 Refine#0" [stack: 0x000000ded1d00000,0x000000ded1e00000] [id=12776]
  0x0000027bbb118800 ConcurrentGCThread "G1 Young RemSet Sampling" [stack: 0x000000ded1e00000,0x000000ded1f00000] [id=5660]

Threads with active compile tasks:
C1 CompilerThread0    745 1094       1       java.net.URLStreamHandler::parseURL (1201 bytes)

VM state:not at safepoint (normal execution)

VM Mutex/Monitor currently owned by a thread: None

Heap address: 0x0000000082200000, size: 2014 MB, Compressed Oops mode: 32-bit
Narrow klass base: 0x0000000000000000, Narrow klass shift: 3
Compressed class space size: 1073741824 Address: 0x0000000100000000

Heap:
 garbage-first heap   total 129024K, used 22528K [0x0000000082200000, 0x0000000100000000)
  region size 1024K, 23 young (23552K), 0 survivors (0K)
 Metaspace       used 13701K, capacity 14027K, committed 14208K, reserved 1062912K
  class space    used 1429K, capacity 1552K, committed 1664K, reserved 1048576K
Heap Regions: E=young(eden), S=young(survivor), O=old, HS=humongous(starts), HC=humongous(continues), CS=collection set, F=free, A=archive, TAMS=top-at-mark-start (previous, next)
|   0|0x0000000082200000, 0x0000000082300000, 0x0000000082300000|100%|HS|  |TAMS 0x0000000082200000, 0x0000000082200000| Complete 
|   1|0x0000000082300000, 0x0000000082300000, 0x0000000082400000|  0%| F|  |TAMS 0x0000000082300000, 0x0000000082300000| Untracked 
|   2|0x0000000082400000, 0x0000000082400000, 0x0000000082500000|  0%| F|  |TAMS 0x0000000082400000, 0x0000000082400000| Untracked 
|   3|0x0000000082500000, 0x0000000082500000, 0x0000000082600000|  0%| F|  |TAMS 0x0000000082500000, 0x0000000082500000| Untracked 
|   4|0x0000000082600000, 0x0000000082600000, 0x0000000082700000|  0%| F|  |TAMS 0x0000000082600000, 0x0000000082600000| Untracked 
|   5|0x0000000082700000, 0x0000000082700000, 0x0000000082800000|  0%| F|  |TAMS 0x0000000082700000, 0x0000000082700000| Untracked 
|   6|0x0000000082800000, 0x0000000082800000, 0x0000000082900000|  0%| F|  |TAMS 0x0000000082800000, 0x0000000082800000| Untracked 
|   7|0x0000000082900000, 0x0000000082900000, 0x0000000082a00000|  0%| F|  |TAMS 0x0000000082900000, 0x0000000082900000| Untracked 
|   8|0x0000000082a00000, 0x0000000082a00000, 0x0000000082b00000|  0%| F|  |TAMS 0x0000000082a00000, 0x0000000082a00000| Untracked 
|   9|0x0000000082b00000, 0x0000000082b00000, 0x0000000082c00000|  0%| F|  |TAMS 0x0000000082b00000, 0x0000000082b00000| Untracked 
|  10|0x0000000082c00000, 0x0000000082c00000, 0x0000000082d00000|  0%| F|  |TAMS 0x0000000082c00000, 0x0000000082c00000| Untracked 
|  11|0x0000000082d00000, 0x0000000082d00000, 0x0000000082e00000|  0%| F|  |TAMS 0x0000000082d00000, 0x0000000082d00000| Untracked 
|  12|0x0000000082e00000, 0x0000000082e00000, 0x0000000082f00000|  0%| F|  |TAMS 0x0000000082e00000, 0x0000000082e00000| Untracked 
|  13|0x0000000082f00000, 0x0000000082f00000, 0x0000000083000000|  0%| F|  |TAMS 0x0000000082f00000, 0x0000000082f00000| Untracked 
|  14|0x0000000083000000, 0x0000000083000000, 0x0000000083100000|  0%| F|  |TAMS 0x0000000083000000, 0x0000000083000000| Untracked 
|  15|0x0000000083100000, 0x0000000083100000, 0x0000000083200000|  0%| F|  |TAMS 0x0000000083100000, 0x0000000083100000| Untracked 
|  16|0x0000000083200000, 0x0000000083200000, 0x0000000083300000|  0%| F|  |TAMS 0x0000000083200000, 0x0000000083200000| Untracked 
|  17|0x0000000083300000, 0x0000000083300000, 0x0000000083400000|  0%| F|  |TAMS 0x0000000083300000, 0x0000000083300000| Untracked 
|  18|0x0000000083400000, 0x0000000083400000, 0x0000000083500000|  0%| F|  |TAMS 0x0000000083400000, 0x0000000083400000| Untracked 
|  19|0x0000000083500000, 0x0000000083500000, 0x0000000083600000|  0%| F|  |TAMS 0x0000000083500000, 0x0000000083500000| Untracked 
|  20|0x0000000083600000, 0x0000000083600000, 0x0000000083700000|  0%| F|  |TAMS 0x0000000083600000, 0x0000000083600000| Untracked 
|  21|0x0000000083700000, 0x0000000083700000, 0x0000000083800000|  0%| F|  |TAMS 0x0000000083700000, 0x0000000083700000| Untracked 
|  22|0x0000000083800000, 0x0000000083800000, 0x0000000083900000|  0%| F|  |TAMS 0x0000000083800000, 0x0000000083800000| Untracked 
|  23|0x0000000083900000, 0x0000000083900000, 0x0000000083a00000|  0%| F|  |TAMS 0x0000000083900000, 0x0000000083900000| Untracked 
|  24|0x0000000083a00000, 0x0000000083a00000, 0x0000000083b00000|  0%| F|  |TAMS 0x0000000083a00000, 0x0000000083a00000| Untracked 
|  25|0x0000000083b00000, 0x0000000083b00000, 0x0000000083c00000|  0%| F|  |TAMS 0x0000000083b00000, 0x0000000083b00000| Untracked 
|  26|0x0000000083c00000, 0x0000000083c00000, 0x0000000083d00000|  0%| F|  |TAMS 0x0000000083c00000, 0x0000000083c00000| Untracked 
|  27|0x0000000083d00000, 0x0000000083d00000, 0x0000000083e00000|  0%| F|  |TAMS 0x0000000083d00000, 0x0000000083d00000| Untracked 
|  28|0x0000000083e00000, 0x0000000083e00000, 0x0000000083f00000|  0%| F|  |TAMS 0x0000000083e00000, 0x0000000083e00000| Untracked 
|  29|0x0000000083f00000, 0x0000000083f00000, 0x0000000084000000|  0%| F|  |TAMS 0x0000000083f00000, 0x0000000083f00000| Untracked 
|  30|0x0000000084000000, 0x0000000084000000, 0x0000000084100000|  0%| F|  |TAMS 0x0000000084000000, 0x0000000084000000| Untracked 
|  31|0x0000000084100000, 0x0000000084100000, 0x0000000084200000|  0%| F|  |TAMS 0x0000000084100000, 0x0000000084100000| Untracked 
|  32|0x0000000084200000, 0x0000000084200000, 0x0000000084300000|  0%| F|  |TAMS 0x0000000084200000, 0x0000000084200000| Untracked 
|  33|0x0000000084300000, 0x0000000084300000, 0x0000000084400000|  0%| F|  |TAMS 0x0000000084300000, 0x0000000084300000| Untracked 
|  34|0x0000000084400000, 0x0000000084400000, 0x0000000084500000|  0%| F|  |TAMS 0x0000000084400000, 0x0000000084400000| Untracked 
|  35|0x0000000084500000, 0x0000000084500000, 0x0000000084600000|  0%| F|  |TAMS 0x0000000084500000, 0x0000000084500000| Untracked 
|  36|0x0000000084600000, 0x0000000084600000, 0x0000000084700000|  0%| F|  |TAMS 0x0000000084600000, 0x0000000084600000| Untracked 
|  37|0x0000000084700000, 0x0000000084700000, 0x0000000084800000|  0%| F|  |TAMS 0x0000000084700000, 0x0000000084700000| Untracked 
|  38|0x0000000084800000, 0x0000000084800000, 0x0000000084900000|  0%| F|  |TAMS 0x0000000084800000, 0x0000000084800000| Untracked 
|  39|0x0000000084900000, 0x0000000084900000, 0x0000000084a00000|  0%| F|  |TAMS 0x0000000084900000, 0x0000000084900000| Untracked 
|  40|0x0000000084a00000, 0x0000000084a00000, 0x0000000084b00000|  0%| F|  |TAMS 0x0000000084a00000, 0x0000000084a00000| Untracked 
|  41|0x0000000084b00000, 0x0000000084b00000, 0x0000000084c00000|  0%| F|  |TAMS 0x0000000084b00000, 0x0000000084b00000| Untracked 
|  42|0x0000000084c00000, 0x0000000084c00000, 0x0000000084d00000|  0%| F|  |TAMS 0x0000000084c00000, 0x0000000084c00000| Untracked 
|  43|0x0000000084d00000, 0x0000000084d00000, 0x0000000084e00000|  0%| F|  |TAMS 0x0000000084d00000, 0x0000000084d00000| Untracked 
|  44|0x0000000084e00000, 0x0000000084e00000, 0x0000000084f00000|  0%| F|  |TAMS 0x0000000084e00000, 0x0000000084e00000| Untracked 
|  45|0x0000000084f00000, 0x0000000084f00000, 0x0000000085000000|  0%| F|  |TAMS 0x0000000084f00000, 0x0000000084f00000| Untracked 
|  46|0x0000000085000000, 0x0000000085000000, 0x0000000085100000|  0%| F|  |TAMS 0x0000000085000000, 0x0000000085000000| Untracked 
|  47|0x0000000085100000, 0x0000000085100000, 0x0000000085200000|  0%| F|  |TAMS 0x0000000085100000, 0x0000000085100000| Untracked 
|  48|0x0000000085200000, 0x0000000085200000, 0x0000000085300000|  0%| F|  |TAMS 0x0000000085200000, 0x0000000085200000| Untracked 
|  49|0x0000000085300000, 0x0000000085300000, 0x0000000085400000|  0%| F|  |TAMS 0x0000000085300000, 0x0000000085300000| Untracked 
|  50|0x0000000085400000, 0x0000000085400000, 0x0000000085500000|  0%| F|  |TAMS 0x0000000085400000, 0x0000000085400000| Untracked 
|  51|0x0000000085500000, 0x0000000085500000, 0x0000000085600000|  0%| F|  |TAMS 0x0000000085500000, 0x0000000085500000| Untracked 
|  52|0x0000000085600000, 0x0000000085600000, 0x0000000085700000|  0%| F|  |TAMS 0x0000000085600000, 0x0000000085600000| Untracked 
|  53|0x0000000085700000, 0x0000000085700000, 0x0000000085800000|  0%| F|  |TAMS 0x0000000085700000, 0x0000000085700000| Untracked 
|  54|0x0000000085800000, 0x0000000085800000, 0x0000000085900000|  0%| F|  |TAMS 0x0000000085800000, 0x0000000085800000| Untracked 
|  55|0x0000000085900000, 0x0000000085900000, 0x0000000085a00000|  0%| F|  |TAMS 0x0000000085900000, 0x0000000085900000| Untracked 
|  56|0x0000000085a00000, 0x0000000085a00000, 0x0000000085b00000|  0%| F|  |TAMS 0x0000000085a00000, 0x0000000085a00000| Untracked 
|  57|0x0000000085b00000, 0x0000000085b00000, 0x0000000085c00000|  0%| F|  |TAMS 0x0000000085b00000, 0x0000000085b00000| Untracked 
|  58|0x0000000085c00000, 0x0000000085c00000, 0x0000000085d00000|  0%| F|  |TAMS 0x0000000085c00000, 0x0000000085c00000| Untracked 
|  59|0x0000000085d00000, 0x0000000085d00000, 0x0000000085e00000|  0%| F|  |TAMS 0x0000000085d00000, 0x0000000085d00000| Untracked 
|  60|0x0000000085e00000, 0x0000000085e00000, 0x0000000085f00000|  0%| F|  |TAMS 0x0000000085e00000, 0x0000000085e00000| Untracked 
|  61|0x0000000085f00000, 0x0000000085f00000, 0x0000000086000000|  0%| F|  |TAMS 0x0000000085f00000, 0x0000000085f00000| Untracked 
|  62|0x0000000086000000, 0x0000000086000000, 0x0000000086100000|  0%| F|  |TAMS 0x0000000086000000, 0x0000000086000000| Untracked 
|  63|0x0000000086100000, 0x0000000086100000, 0x0000000086200000|  0%| F|  |TAMS 0x0000000086100000, 0x0000000086100000| Untracked 
|  64|0x0000000086200000, 0x0000000086200000, 0x0000000086300000|  0%| F|  |TAMS 0x0000000086200000, 0x0000000086200000| Untracked 
|  65|0x0000000086300000, 0x0000000086300000, 0x0000000086400000|  0%| F|  |TAMS 0x0000000086300000, 0x0000000086300000| Untracked 
|  66|0x0000000086400000, 0x0000000086400000, 0x0000000086500000|  0%| F|  |TAMS 0x0000000086400000, 0x0000000086400000| Untracked 
|  67|0x0000000086500000, 0x0000000086500000, 0x0000000086600000|  0%| F|  |TAMS 0x0000000086500000, 0x0000000086500000| Untracked 
|  68|0x0000000086600000, 0x0000000086600000, 0x0000000086700000|  0%| F|  |TAMS 0x0000000086600000, 0x0000000086600000| Untracked 
|  69|0x0000000086700000, 0x0000000086700000, 0x0000000086800000|  0%| F|  |TAMS 0x0000000086700000, 0x0000000086700000| Untracked 
|  70|0x0000000086800000, 0x0000000086800000, 0x0000000086900000|  0%| F|  |TAMS 0x0000000086800000, 0x0000000086800000| Untracked 
|  71|0x0000000086900000, 0x0000000086900000, 0x0000000086a00000|  0%| F|  |TAMS 0x0000000086900000, 0x0000000086900000| Untracked 
|  72|0x0000000086a00000, 0x0000000086a00000, 0x0000000086b00000|  0%| F|  |TAMS 0x0000000086a00000, 0x0000000086a00000| Untracked 
|  73|0x0000000086b00000, 0x0000000086b00000, 0x0000000086c00000|  0%| F|  |TAMS 0x0000000086b00000, 0x0000000086b00000| Untracked 
|  74|0x0000000086c00000, 0x0000000086c00000, 0x0000000086d00000|  0%| F|  |TAMS 0x0000000086c00000, 0x0000000086c00000| Untracked 
|  75|0x0000000086d00000, 0x0000000086d00000, 0x0000000086e00000|  0%| F|  |TAMS 0x0000000086d00000, 0x0000000086d00000| Untracked 
|  76|0x0000000086e00000, 0x0000000086e00000, 0x0000000086f00000|  0%| F|  |TAMS 0x0000000086e00000, 0x0000000086e00000| Untracked 
|  77|0x0000000086f00000, 0x0000000086f00000, 0x0000000087000000|  0%| F|  |TAMS 0x0000000086f00000, 0x0000000086f00000| Untracked 
|  78|0x0000000087000000, 0x0000000087000000, 0x0000000087100000|  0%| F|  |TAMS 0x0000000087000000, 0x0000000087000000| Untracked 
|  79|0x0000000087100000, 0x0000000087100000, 0x0000000087200000|  0%| F|  |TAMS 0x0000000087100000, 0x0000000087100000| Untracked 
|  80|0x0000000087200000, 0x0000000087200000, 0x0000000087300000|  0%| F|  |TAMS 0x0000000087200000, 0x0000000087200000| Untracked 
|  81|0x0000000087300000, 0x0000000087300000, 0x0000000087400000|  0%| F|  |TAMS 0x0000000087300000, 0x0000000087300000| Untracked 
|  82|0x0000000087400000, 0x0000000087400000, 0x0000000087500000|  0%| F|  |TAMS 0x0000000087400000, 0x0000000087400000| Untracked 
|  83|0x0000000087500000, 0x0000000087500000, 0x0000000087600000|  0%| F|  |TAMS 0x0000000087500000, 0x0000000087500000| Untracked 
|  84|0x0000000087600000, 0x0000000087600000, 0x0000000087700000|  0%| F|  |TAMS 0x0000000087600000, 0x0000000087600000| Untracked 
|  85|0x0000000087700000, 0x0000000087700000, 0x0000000087800000|  0%| F|  |TAMS 0x0000000087700000, 0x0000000087700000| Untracked 
|  86|0x0000000087800000, 0x0000000087800000, 0x0000000087900000|  0%| F|  |TAMS 0x0000000087800000, 0x0000000087800000| Untracked 
|  87|0x0000000087900000, 0x0000000087900000, 0x0000000087a00000|  0%| F|  |TAMS 0x0000000087900000, 0x0000000087900000| Untracked 
|  88|0x0000000087a00000, 0x0000000087a00000, 0x0000000087b00000|  0%| F|  |TAMS 0x0000000087a00000, 0x0000000087a00000| Untracked 
|  89|0x0000000087b00000, 0x0000000087b00000, 0x0000000087c00000|  0%| F|  |TAMS 0x0000000087b00000, 0x0000000087b00000| Untracked 
|  90|0x0000000087c00000, 0x0000000087c00000, 0x0000000087d00000|  0%| F|  |TAMS 0x0000000087c00000, 0x0000000087c00000| Untracked 
|  91|0x0000000087d00000, 0x0000000087d00000, 0x0000000087e00000|  0%| F|  |TAMS 0x0000000087d00000, 0x0000000087d00000| Untracked 
|  92|0x0000000087e00000, 0x0000000087e00000, 0x0000000087f00000|  0%| F|  |TAMS 0x0000000087e00000, 0x0000000087e00000| Untracked 
|  93|0x0000000087f00000, 0x0000000087f00000, 0x0000000088000000|  0%| F|  |TAMS 0x0000000087f00000, 0x0000000087f00000| Untracked 
|  94|0x0000000088000000, 0x0000000088000000, 0x0000000088100000|  0%| F|  |TAMS 0x0000000088000000, 0x0000000088000000| Untracked 
|  95|0x0000000088100000, 0x0000000088100000, 0x0000000088200000|  0%| F|  |TAMS 0x0000000088100000, 0x0000000088100000| Untracked 
|  96|0x0000000088200000, 0x0000000088200000, 0x0000000088300000|  0%| F|  |TAMS 0x0000000088200000, 0x0000000088200000| Untracked 
|  97|0x0000000088300000, 0x0000000088300000, 0x0000000088400000|  0%| F|  |TAMS 0x0000000088300000, 0x0000000088300000| Untracked 
|  98|0x0000000088400000, 0x0000000088400000, 0x0000000088500000|  0%| F|  |TAMS 0x0000000088400000, 0x0000000088400000| Untracked 
|  99|0x0000000088500000, 0x0000000088500000, 0x0000000088600000|  0%| F|  |TAMS 0x0000000088500000, 0x0000000088500000| Untracked 
| 100|0x0000000088600000, 0x0000000088600000, 0x0000000088700000|  0%| F|  |TAMS 0x0000000088600000, 0x0000000088600000| Untracked 
| 101|0x0000000088700000, 0x0000000088700000, 0x0000000088800000|  0%| F|  |TAMS 0x0000000088700000, 0x0000000088700000| Untracked 
| 102|0x0000000088800000, 0x0000000088800000, 0x0000000088900000|  0%| F|  |TAMS 0x0000000088800000, 0x0000000088800000| Untracked 
| 103|0x0000000088900000, 0x000000008897b668, 0x0000000088a00000| 48%| E|  |TAMS 0x0000000088900000, 0x0000000088900000| Complete 
| 104|0x0000000088a00000, 0x0000000088b00000, 0x0000000088b00000|100%| E|CS|TAMS 0x0000000088a00000, 0x0000000088a00000| Complete 
| 105|0x0000000088b00000, 0x0000000088c00000, 0x0000000088c00000|100%| E|CS|TAMS 0x0000000088b00000, 0x0000000088b00000| Complete 
| 106|0x0000000088c00000, 0x0000000088d00000, 0x0000000088d00000|100%| E|CS|TAMS 0x0000000088c00000, 0x0000000088c00000| Complete 
| 107|0x0000000088d00000, 0x0000000088e00000, 0x0000000088e00000|100%| E|CS|TAMS 0x0000000088d00000, 0x0000000088d00000| Complete 
| 108|0x0000000088e00000, 0x0000000088f00000, 0x0000000088f00000|100%| E|CS|TAMS 0x0000000088e00000, 0x0000000088e00000| Complete 
| 109|0x0000000088f00000, 0x0000000089000000, 0x0000000089000000|100%| E|CS|TAMS 0x0000000088f00000, 0x0000000088f00000| Complete 
| 110|0x0000000089000000, 0x0000000089100000, 0x0000000089100000|100%| E|CS|TAMS 0x0000000089000000, 0x0000000089000000| Complete 
| 111|0x0000000089100000, 0x0000000089200000, 0x0000000089200000|100%| E|CS|TAMS 0x0000000089100000, 0x0000000089100000| Complete 
| 112|0x0000000089200000, 0x0000000089300000, 0x0000000089300000|100%| E|CS|TAMS 0x0000000089200000, 0x0000000089200000| Complete 
| 113|0x0000000089300000, 0x0000000089400000, 0x0000000089400000|100%| E|CS|TAMS 0x0000000089300000, 0x0000000089300000| Complete 
| 114|0x0000000089400000, 0x0000000089500000, 0x0000000089500000|100%| E|CS|TAMS 0x0000000089400000, 0x0000000089400000| Complete 
| 115|0x0000000089500000, 0x0000000089600000, 0x0000000089600000|100%| E|CS|TAMS 0x0000000089500000, 0x0000000089500000| Complete 
| 116|0x0000000089600000, 0x0000000089700000, 0x0000000089700000|100%| E|CS|TAMS 0x0000000089600000, 0x0000000089600000| Complete 
| 117|0x0000000089700000, 0x0000000089800000, 0x0000000089800000|100%| E|CS|TAMS 0x0000000089700000, 0x0000000089700000| Complete 
| 118|0x0000000089800000, 0x0000000089900000, 0x0000000089900000|100%| E|CS|TAMS 0x0000000089800000, 0x0000000089800000| Complete 
| 119|0x0000000089900000, 0x0000000089a00000, 0x0000000089a00000|100%| E|CS|TAMS 0x0000000089900000, 0x0000000089900000| Complete 
| 120|0x0000000089a00000, 0x0000000089b00000, 0x0000000089b00000|100%| E|CS|TAMS 0x0000000089a00000, 0x0000000089a00000| Complete 
| 121|0x0000000089b00000, 0x0000000089c00000, 0x0000000089c00000|100%| E|CS|TAMS 0x0000000089b00000, 0x0000000089b00000| Complete 
| 122|0x0000000089c00000, 0x0000000089d00000, 0x0000000089d00000|100%| E|CS|TAMS 0x0000000089c00000, 0x0000000089c00000| Complete 
| 123|0x0000000089d00000, 0x0000000089e00000, 0x0000000089e00000|100%| E|  |TAMS 0x0000000089d00000, 0x0000000089d00000| Complete 
| 124|0x0000000089e00000, 0x0000000089f00000, 0x0000000089f00000|100%| E|CS|TAMS 0x0000000089e00000, 0x0000000089e00000| Complete 
| 125|0x0000000089f00000, 0x000000008a000000, 0x000000008a000000|100%| E|CS|TAMS 0x0000000089f00000, 0x0000000089f00000| Complete 

Card table byte_map: [0x0000027bb4190000,0x0000027bb4580000] _byte_map_base: 0x0000027bb3d7f000

Marking Bits (Prev, Next): (CMBitMap*) 0x0000027b9c617158, (CMBitMap*) 0x0000027b9c617190
 Prev Bits: [0x0000027bb4970000, 0x0000027bb68e8000)
 Next Bits: [0x0000027bb68f0000, 0x0000027bb8868000)

Polling page: 0x0000027b9a5c0000

Metaspace:

Usage:
  Non-class:     12.18 MB capacity,    12.03 MB ( 99%) used,   123.76 KB ( <1%) free+waste,    29.31 KB ( <1%) overhead. 
      Class:      1.52 MB capacity,     1.40 MB ( 92%) used,   104.50 KB (  7%) free+waste,    14.38 KB ( <1%) overhead. 
       Both:     13.70 MB capacity,    13.43 MB ( 98%) used,   228.26 KB (  2%) free+waste,    43.69 KB ( <1%) overhead. 

Virtual space:
  Non-class space:       14.00 MB reserved,      12.25 MB ( 88%) committed 
      Class space:        1.00 GB reserved,       1.63 MB ( <1%) committed 
             Both:        1.01 GB reserved,      13.88 MB (  1%) committed 

Chunk freelists:
   Non-Class:  640 bytes
       Class:  2.00 KB
        Both:  2.63 KB

CodeHeap 'non-profiled nmethods': size=238336Kb used=1429Kb max_used=1429Kb free=236906Kb
 bounds [0x0000027ba51a0000, 0x0000027ba5410000, 0x0000027bb3a60000]
CodeHeap 'non-nmethods': size=7424Kb used=1096Kb max_used=1096Kb free=6327Kb
 bounds [0x0000027ba4a60000, 0x0000027ba4cd0000, 0x0000027ba51a0000]
 total_blobs=1500 nmethods=1094 adapters=333
 compilation: enabled
              stopped_count=0, restarted_count=0
 full_count=0

Compilation events (10 events):
Event: 0.552 Thread 0x0000027bbb2df000 nmethod 1087 0x0000027ba5302f90 code [0x0000027ba5303140, 0x0000027ba53032b8]
Event: 0.552 Thread 0x0000027bbb2df000 1088       1       sun.util.locale.BaseLocale$Cache::createObject (8 bytes)
Event: 0.552 Thread 0x0000027bbb2df000 nmethod 1088 0x0000027ba5303410 code [0x0000027ba53035c0, 0x0000027ba5303718]
Event: 0.552 Thread 0x0000027bbb2df000 1038       1       sun.util.locale.LocaleObjectCache::cleanStaleEntries (34 bytes)
Event: 0.552 Thread 0x0000027bbb2df000 nmethod 1038 0x0000027ba5303810 code [0x0000027ba53039e0, 0x0000027ba5303d18]
Event: 0.552 Thread 0x0000027bbb2df000 1091       1       java.util.Locale::equals (75 bytes)
Event: 0.552 Thread 0x0000027bbb2df000 nmethod 1091 0x0000027ba5303e90 code [0x0000027ba5304060, 0x0000027ba53042f8]
Event: 0.552 Thread 0x0000027bbb2df000 1092       1       sun.util.locale.BaseLocale::equals (71 bytes)
Event: 0.552 Thread 0x0000027bbb2df000 nmethod 1092 0x0000027ba5304490 code [0x0000027ba5304640, 0x0000027ba53047f8]
Event: 0.552 Thread 0x0000027bbb2df000 1094       1       java.net.URLStreamHandler::parseURL (1201 bytes)

GC Heap History (0 events):
No events

Deoptimization events (0 events):
No events

Classes redefined (0 events):
No events

Internal exceptions (10 events):
Event: 0.293 Thread 0x0000027b9c5da800 Exception <a 'java/lang/NoSuchMethodError'{0x00000000896257b8}: java.lang.invoke.DirectMethodHandle$Holder.invokeStatic(Ljava/lang/Object;Ljava/lang/Object;Ljava/lang/Object;Ljava/lang/Object;Ljava/lang/Object;Ljava/lang/Object;Ljava/lang/Object;Ljava/lan
Event: 0.294 Thread 0x0000027b9c5da800 Exception <a 'java/lang/NoSuchMethodError'{0x0000000089646248}: java.lang.invoke.DirectMethodHandle$Holder.invokeStatic(Ljava/lang/Object;Ljava/lang/Object;Ljava/lang/Object;Ljava/lang/Object;Ljava/lang/Object;Ljava/lang/Object;Ljava/lang/Object;Ljava/lan
Event: 0.338 Thread 0x0000027b9c5da800 Exception <a 'java/lang/NoSuchMethodError'{0x00000000895eb810}: java.lang.invoke.DirectMethodHandle$Holder.invokeSpecialIFC(Ljava/lang/Object;Ljava/lang/Object;Ljava/lang/Object;)I> (0x00000000895eb810) thrown at [./open/src/hotspot/share/interpreter/link
Event: 0.350 Thread 0x0000027b9c5da800 Exception <a 'java/lang/NoSuchMethodError'{0x0000000089445968}: java.lang.invoke.DirectMethodHandle$Holder.invokeStatic(Ljava/lang/Object;IIII)Ljava/lang/Object;> (0x0000000089445968) thrown at [./open/src/hotspot/share/interpreter/linkResolver.cpp, line 
Event: 0.350 Thread 0x0000027b9c5da800 Exception <a 'java/lang/NoSuchMethodError'{0x0000000089448a80}: java.lang.invoke.DirectMethodHandle$Holder.invokeStaticInit(Ljava/lang/Object;IIII)Ljava/lang/Object;> (0x0000000089448a80) thrown at [./open/src/hotspot/share/interpreter/linkResolver.cpp, l
Event: 0.473 Thread 0x0000027b9c5da800 Exception <a 'java/lang/NoSuchMethodError'{0x00000000894b9c20}: java.lang.invoke.DirectMethodHandle$Holder.invokeStatic(Ljava/lang/Object;Ljava/lang/Object;IIII)Ljava/lang/Object;> (0x00000000894b9c20) thrown at [./open/src/hotspot/share/interpreter/linkR
Event: 0.473 Thread 0x0000027b9c5da800 Exception <a 'java/lang/NoSuchMethodError'{0x00000000894bcf68}: java.lang.invoke.DirectMethodHandle$Holder.invokeStaticInit(Ljava/lang/Object;Ljava/lang/Object;IIII)Ljava/lang/Object;> (0x00000000894bcf68) thrown at [./open/src/hotspot/share/interpreter/l
Event: 0.482 Thread 0x0000027b9c5da800 Exception <a 'java/lang/ClassNotFoundException'{0x00000000894dcf58}: javax/management/remote/rmi/RMIServerImpl_Skel> (0x00000000894dcf58) thrown at [./open/src/hotspot/share/classfile/systemDictionary.cpp, line 228]
Event: 0.514 Thread 0x0000027b9c5da800 Exception <a 'java/lang/ClassNotFoundException'{0x0000000089128580}: javax/smartcardio/CardPermission> (0x0000000089128580) thrown at [./open/src/hotspot/share/classfile/systemDictionary.cpp, line 228]
Event: 0.516 Thread 0x0000027b9c5da800 Exception <a 'java/io/FileNotFoundException'{0x00000000891369c8}> (0x00000000891369c8) thrown at [./open/src/hotspot/share/prims/jni.cpp, line 611]

Events (10 events):
Event: 0.556 loading class org/springframework/core/metrics/ApplicationStartup
Event: 0.556 loading class org/springframework/core/metrics/ApplicationStartup done
Event: 0.556 loading class org/springframework/core/metrics/DefaultApplicationStartup
Event: 0.556 loading class org/springframework/core/metrics/DefaultApplicationStartup done
Event: 0.556 loading class org/springframework/util/Assert
Event: 0.556 loading class org/springframework/util/Assert done
Event: 0.557 loading class org/springframework/util/ClassUtils
Event: 0.557 loading class org/springframework/util/ClassUtils done
Event: 0.558 loading class org/springframework/util/ConcurrentReferenceHashMap
Event: 0.558 loading class org/springframework/util/ConcurrentReferenceHashMap done


Dynamic libraries:
0x00007ff721120000 - 0x00007ff72112f000 	C:\Program Files\Java\jdk-11.0.10\bin\java.exe
0x00007ffecdbf0000 - 0x00007ffecdde5000 	C:\WINDOWS\SYSTEM32\ntdll.dll
0x00007ffecd8e0000 - 0x00007ffecd99d000 	C:\WINDOWS\System32\KERNEL32.DLL
0x00007ffecb8f0000 - 0x00007ffecbbb9000 	C:\WINDOWS\System32\KERNELBASE.dll
0x00007ffecb5e0000 - 0x00007ffecb6e0000 	C:\WINDOWS\System32\ucrtbase.dll
0x00007ffebd9f0000 - 0x00007ffebda08000 	C:\Program Files\Java\jdk-11.0.10\bin\jli.dll
0x00007ffec65a0000 - 0x00007ffec65b5000 	C:\Program Files\Java\jdk-11.0.10\bin\VCRUNTIME140.dll
0x00007ffecc560000 - 0x00007ffecc60c000 	C:\WINDOWS\System32\ADVAPI32.dll
0x00007ffeccd90000 - 0x00007ffecce2e000 	C:\WINDOWS\System32\msvcrt.dll
0x00007ffecce30000 - 0x00007ffeccecc000 	C:\WINDOWS\System32\sechost.dll
0x00007ffecbea0000 - 0x00007ffecbfcb000 	C:\WINDOWS\System32\RPCRT4.dll
0x00007ffecd1c0000 - 0x00007ffecd360000 	C:\WINDOWS\System32\USER32.dll
0x00007ffeb3f00000 - 0x00007ffeb419a000 	C:\WINDOWS\WinSxS\amd64_microsoft.windows.common-controls_6595b64144ccf1df_6.0.19041.844_none_ca00b6081b84eb1d\COMCTL32.dll
0x00007ffecbbc0000 - 0x00007ffecbbe2000 	C:\WINDOWS\System32\win32u.dll
0x00007ffecc080000 - 0x00007ffecc0aa000 	C:\WINDOWS\System32\GDI32.dll
0x00007ffecb450000 - 0x00007ffecb55b000 	C:\WINDOWS\System32\gdi32full.dll
0x00007ffecb330000 - 0x00007ffecb3cd000 	C:\WINDOWS\System32\msvcp_win.dll
0x00007ffec58e0000 - 0x00007ffec58ea000 	C:\WINDOWS\SYSTEM32\VERSION.dll
0x00007ffeccd60000 - 0x00007ffeccd90000 	C:\WINDOWS\System32\IMM32.DLL
0x00007ffeb1c40000 - 0x00007ffeb1cdb000 	C:\Program Files\Java\jdk-11.0.10\bin\msvcp140.dll
0x00007ffe91ba0000 - 0x00007ffe9269b000 	C:\Program Files\Java\jdk-11.0.10\bin\server\jvm.dll
0x00007ffecd830000 - 0x00007ffecd838000 	C:\WINDOWS\System32\PSAPI.DLL
0x00007ffec6780000 - 0x00007ffec6789000 	C:\WINDOWS\SYSTEM32\WSOCK32.dll
0x00007ffec6740000 - 0x00007ffec6767000 	C:\WINDOWS\SYSTEM32\WINMM.dll
0x00007ffecd840000 - 0x00007ffecd8ab000 	C:\WINDOWS\System32\WS2_32.dll
0x00007ffec9c40000 - 0x00007ffec9c52000 	C:\WINDOWS\SYSTEM32\kernel.appcore.dll
0x00007ffec3b90000 - 0x00007ffec3ba0000 	C:\Program Files\Java\jdk-11.0.10\bin\verify.dll
0x00007ffec9940000 - 0x00007ffec9b24000 	C:\WINDOWS\SYSTEM32\DBGHELP.DLL
0x00007ffec3b40000 - 0x00007ffec3b6c000 	C:\WINDOWS\SYSTEM32\dbgcore.DLL
0x00007ffecb3d0000 - 0x00007ffecb450000 	C:\WINDOWS\System32\bcryptPrimitives.dll
0x00007ffeb8750000 - 0x00007ffeb8778000 	C:\Program Files\Java\jdk-11.0.10\bin\java.dll
0x00007ffebd9e0000 - 0x00007ffebd9ea000 	C:\Program Files\Java\jdk-11.0.10\bin\jimage.dll
0x00007ffec61f0000 - 0x00007ffec61fe000 	C:\Program Files\Java\jdk-11.0.10\bin\instrument.dll
0x00007ffeb1b30000 - 0x00007ffeb1b46000 	C:\Program Files\Java\jdk-11.0.10\bin\zip.dll
0x00007ffecc610000 - 0x00007ffeccd52000 	C:\WINDOWS\System32\SHELL32.dll
0x00007ffec90e0000 - 0x00007ffec9870000 	C:\WINDOWS\SYSTEM32\windows.storage.dll
0x00007ffecc200000 - 0x00007ffecc555000 	C:\WINDOWS\System32\combase.dll
0x00007ffecada0000 - 0x00007ffecadcc000 	C:\WINDOWS\SYSTEM32\Wldp.dll
0x00007ffecbfd0000 - 0x00007ffecc07e000 	C:\WINDOWS\System32\SHCORE.dll
0x00007ffecd360000 - 0x00007ffecd3b5000 	C:\WINDOWS\System32\shlwapi.dll
0x00007ffecb270000 - 0x00007ffecb28f000 	C:\WINDOWS\SYSTEM32\profapi.dll
0x00007ffeb1b10000 - 0x00007ffeb1b29000 	C:\Program Files\Java\jdk-11.0.10\bin\net.dll
0x00007ffec1570000 - 0x00007ffec167c000 	C:\WINDOWS\SYSTEM32\WINHTTP.dll
0x00007ffecab20000 - 0x00007ffecab8a000 	C:\WINDOWS\system32\mswsock.dll
0x00007ffeb12f0000 - 0x00007ffeb1302000 	C:\Program Files\Java\jdk-11.0.10\bin\nio.dll
0x00007ffec6180000 - 0x00007ffec619a000 	C:\Program Files\JetBrains\IntelliJ IDEA 2020.3.2\bin\breakgen64.dll
0x00007ffeca810000 - 0x00007ffeca8db000 	C:\WINDOWS\SYSTEM32\DNSAPI.dll
0x00007ffeca7c0000 - 0x00007ffeca7fb000 	C:\WINDOWS\SYSTEM32\IPHLPAPI.DLL
0x00007ffecd8d0000 - 0x00007ffecd8d8000 	C:\WINDOWS\System32\NSI.dll
0x00007ffebf990000 - 0x00007ffebf99a000 	C:\Windows\System32\rasadhlp.dll
0x00007ffec11f0000 - 0x00007ffec126f000 	C:\WINDOWS\System32\fwpuclnt.dll
0x00007ffecb560000 - 0x00007ffecb587000 	C:\WINDOWS\System32\bcrypt.dll
0x00007ffebd9d0000 - 0x00007ffebd9d9000 	C:\Program Files\Java\jdk-11.0.10\bin\management.dll
0x00007ffeb8740000 - 0x00007ffeb874b000 	C:\Program Files\Java\jdk-11.0.10\bin\management_ext.dll
0x00007ffecacf0000 - 0x00007ffecad08000 	C:\WINDOWS\SYSTEM32\CRYPTSP.dll
0x00007ffeca450000 - 0x00007ffeca484000 	C:\WINDOWS\system32\rsaenh.dll
0x00007ffecb230000 - 0x00007ffecb25e000 	C:\WINDOWS\SYSTEM32\USERENV.dll
0x00007ffecad10000 - 0x00007ffecad1c000 	C:\WINDOWS\SYSTEM32\CRYPTBASE.dll
0x00007ffec39b0000 - 0x00007ffec39c7000 	C:\WINDOWS\SYSTEM32\dhcpcsvc6.DLL
0x00007ffec3e00000 - 0x00007ffec3e1d000 	C:\WINDOWS\SYSTEM32\dhcpcsvc.DLL
0x00007ffeb0b20000 - 0x00007ffeb0b37000 	C:\WINDOWS\system32\napinsp.dll
0x00007ffeb0840000 - 0x00007ffeb085b000 	C:\WINDOWS\system32\pnrpnsp.dll
0x00007ffeb0820000 - 0x00007ffeb0835000 	C:\WINDOWS\system32\wshbth.dll
0x00007ffec4670000 - 0x00007ffec468d000 	C:\WINDOWS\system32\NLAapi.dll
0x00007ffeb04e0000 - 0x00007ffeb04f2000 	C:\WINDOWS\System32\winrnr.dll

dbghelp: loaded successfully - version: 4.0.5 - missing functions: none
symbol engine: initialized successfully - sym options: 0x614 - pdb path: .;C:\Program Files\Java\jdk-11.0.10\bin;C:\WINDOWS\SYSTEM32;C:\WINDOWS\WinSxS\amd64_microsoft.windows.common-controls_6595b64144ccf1df_6.0.19041.844_none_ca00b6081b84eb1d;C:\Program Files\Java\jdk-11.0.10\bin\server;C:\Program Files\JetBrains\IntelliJ IDEA 2020.3.2\bin

VM Arguments:
jvm_args: -XX:TieredStopAtLevel=1 -Xverify:none -Dspring.output.ansi.enabled=always -javaagent:C:\Program Files\JetBrains\IntelliJ IDEA 2020.3.2\lib\idea_rt.jar=56234:C:\Program Files\JetBrains\IntelliJ IDEA 2020.3.2\bin -Dcom.sun.management.jmxremote -Dspring.jmx.enabled=true -Dspring.liveBeansView.mbeanDomain -Dspring.application.admin.enabled=true -Dfile.encoding=UTF-8 
java_command: com.example.furama.FuramaApplication
java_class_path (initial): D:\C1020G1-LeQuangDuong-new\C1020G1-LeQuangDuong\case_study_4\furama\build\classes\java\main;D:\C1020G1-LeQuangDuong-new\C1020G1-LeQuangDuong\case_study_4\furama\build\resources\main;C:\Users\TechCare\.gradle\caches\modules-2\files-2.1\org.springframework.boot\spring-boot-starter-data-jpa\2.4.3\356d18d4bb10915f3d13c845fc38b5c068f2e075\spring-boot-starter-data-jpa-2.4.3.jar;C:\Users\TechCare\.gradle\caches\modules-2\files-2.1\org.springframework.boot\spring-boot-starter-security\2.4.3\1279b678adb2c991797cec49f83d8f6b8ce14df9\spring-boot-starter-security-2.4.3.jar;C:\Users\TechCare\.gradle\caches\modules-2\files-2.1\org.springframework.boot\spring-boot-starter-thymeleaf\2.4.3\64fdb078f965cba7e5ec1f04c9fdeee87a4b788d\spring-boot-starter-thymeleaf-2.4.3.jar;C:\Users\TechCare\.gradle\caches\modules-2\files-2.1\org.springframework.boot\spring-boot-starter-validation\2.4.3\4fcad7c11f72ab8db3075a48f29b8fc1646d9796\spring-boot-starter-validation-2.4.3.jar;C:\Users\TechCare\.gradle\caches\modules-2\files-2.1\org.springframework.boot\spring-boot-starter-web\2.4.3\4f5554ea183af87e52d8c31bb82aada0d74c40b0\spring-boot-starter-web-2.4.3.jar;C:\Users\TechCare\.gradle\caches\modules-2\files-2.1\org.thymeleaf.extras\thymeleaf-extras-springsecurity5\3.0.4.RELEASE\88bb10bf73ce285208dd848e8eb17f897ebb02d4\thymeleaf-extras-springsecurity5-3.0.4.RELEASE.jar;C:\Users\TechCare\.gradle\caches\modules-2\files-2.1\org.springframework.boot\spring-boot-starter-aop\2.4.3\333593abae74bf7ecc883460751dcc69afb82604\spring-boot-starter-aop-2.4.3.jar;C:\Users\TechCare\.gradle\caches\modules-2\files-2.1\org.springframework.boot\spring-boot-starter-jdbc\2.4.3\2c5853339333cd2b545816d57f12f9d0a0fe6932\spring-boot-starter-jdbc-2.4.3.jar;C:\Users\TechCare\.gradle\caches\modules-2\files-2.1\jakarta.transaction\jakarta.transaction-api\1.3.3\c4179d48720a1e87202115fbed6089bdc4195405\jakarta.transaction-api-1.3.3.jar;C:\Users\TechCare\.gradle\caches\modules-2\files-2.1\jakarta.persist
Launcher Type: SUN_STANDARD

[Global flags]
     bool BytecodeVerificationLocal                = false                                     {product} {command line}
     bool BytecodeVerificationRemote               = false                                     {product} {command line}
     intx CICompilerCount                          = 4                                         {product} {ergonomic}
     uint ConcGCThreads                            = 2                                         {product} {ergonomic}
     uint G1ConcRefinementThreads                  = 8                                         {product} {ergonomic}
   size_t G1HeapRegionSize                         = 1048576                                   {product} {ergonomic}
    uintx GCDrainStackTargetSize                   = 64                                        {product} {ergonomic}
   size_t InitialHeapSize                          = 132120576                                 {product} {ergonomic}
     bool ManagementServer                         = true                                      {product} {command line}
   size_t MarkStackSize                            = 4194304                                   {product} {ergonomic}
   size_t MaxHeapSize                              = 2111832064                                {product} {ergonomic}
   size_t MaxNewSize                               = 1266679808                                {product} {ergonomic}
   size_t MinHeapDeltaBytes                        = 1048576                                   {product} {ergonomic}
    uintx NonNMethodCodeHeapSize                   = 7549744                                {pd product} {ergonomic}
    uintx NonProfiledCodeHeapSize                  = 244108496                              {pd product} {ergonomic}
    uintx ProfiledCodeHeapSize                     = 0                                      {pd product} {ergonomic}
    uintx ReservedCodeCacheSize                    = 251658240                              {pd product} {ergonomic}
     bool SegmentedCodeCache                       = true                                      {product} {ergonomic}
     intx TieredStopAtLevel                        = 1                                         {product} {command line}
     bool UseCompressedClassPointers               = true                                 {lp64_product} {ergonomic}
     bool UseCompressedOops                        = true                                 {lp64_product} {ergonomic}
     bool UseG1GC                                  = true                                      {product} {ergonomic}
     bool UseLargePagesIndividualAllocation        = false                                  {pd product} {ergonomic}

Logging:
Log output configuration:
 #0: stdout all=warning uptime,level,tags
 #1: stderr all=off uptime,level,tags

Environment Variables:
PATH=C:\Program Files\Common Files\Oracle\Java\javapath;C:\Program Files (x86)\Common Files\Oracle\Java\javapath;C:\WINDOWS\system32;C:\WINDOWS;C:\WINDOWS\System32\Wbem;C:\WINDOWS\System32\WindowsPowerShell\v1.0\;C:\WINDOWS\System32\OpenSSH\;C:\Program Files\Git\cmd;C:\Users\TechCare\AppData\Local\Microsoft\WindowsApps;
USERNAME=TechCare
OS=Windows_NT
PROCESSOR_IDENTIFIER=Intel64 Family 6 Model 158 Stepping 10, GenuineIntel



---------------  S Y S T E M  ---------------

OS: Windows 10 , 64 bit Build 19041 (10.0.19041.804)

CPU:total 8 (initial active 8) (4 cores per cpu, 2 threads per core) family 6 model 158 stepping 10 microcode 0xc6, cmov, cx8, fxsr, mmx, sse, sse2, sse3, ssse3, sse4.1, sse4.2, popcnt, avx, avx2, aes, clmul, erms, 3dnowpref, lzcnt, ht, tsc, tscinvbit, bmi1, bmi2, adx, fma

Memory: 4k page, system-wide physical 8052M (490M free)
TotalPageFile size 23235M (AvailPageFile size 2M)
current process WorkingSet (physical memory assigned to process): 71M, peak: 71M
current process commit charge ("private bytes"): 218M, peak: 218M

vm_info: Java HotSpot(TM) 64-Bit Server VM (11.0.10+8-LTS-162) for windows-amd64 JRE (11.0.10+8-LTS-162), built on Dec  8 2020 16:32:57 by "mach5one" with MS VC++ 15.9 (VS2017)

END.
