#
# There is insufficient memory for the Java Runtime Environment to continue.
# Native memory allocation (malloc) failed to allocate 1048576 bytes for AllocateHeap
# Possible reasons:
#   The system is out of physical RAM or swap space
#   The process is running with CompressedOops enabled, and the Java Heap may be blocking the growth of the native heap
# Possible solutions:
#   Reduce memory load on the system
#   Increase physical memory or swap space
#   Check if swap backing store is full
#   Decrease Java heap size (-Xmx/-Xms)
#   Decrease number of Java threads
#   Decrease Java thread stack sizes (-Xss)
#   Set larger code cache with -XX:ReservedCodeCacheSize=
#   JVM is running with Unscaled Compressed Oops mode in which the Java heap is
#     placed in the first 4GB address space. The Java Heap base address is the
#     maximum limit for the native heap growth. Please use -XX:HeapBaseMinAddress
#     to set the Java Heap base and to place the Java Heap above 4GB virtual address.
# This output file may be truncated or incomplete.
#
#  Out of Memory Error (./open/src/hotspot/share/memory/allocation.cpp:46), pid=10096, tid=6424
#
# JRE version: Java(TM) SE Runtime Environment 18.9 (11.0.10+8) (build 11.0.10+8-LTS-162)
# Java VM: Java HotSpot(TM) 64-Bit Server VM 18.9 (11.0.10+8-LTS-162, mixed mode, tiered, compressed oops, g1 gc, windows-amd64)
# No core dump will be written. Minidumps are not enabled by default on client versions of Windows
#

---------------  S U M M A R Y ------------

Command Line: -XX:TieredStopAtLevel=1 -Xverify:none -Dspring.output.ansi.enabled=always -javaagent:C:\Program Files\JetBrains\IntelliJ IDEA 2020.3.2\lib\idea_rt.jar=56221:C:\Program Files\JetBrains\IntelliJ IDEA 2020.3.2\bin -Dcom.sun.management.jmxremote -Dspring.jmx.enabled=true -Dspring.liveBeansView.mbeanDomain -Dspring.application.admin.enabled=true -Dfile.encoding=UTF-8 com.example.furama.FuramaApplication

Host: Intel(R) Core(TM) i5-8300H CPU @ 2.30GHz, 8 cores, 7G,  Windows 10 , 64 bit Build 19041 (10.0.19041.804)
Time: Thu Mar 18 09:49:35 2021 SE Asia Standard Time elapsed time: 1.420998 seconds (0d 0h 0m 1s)

---------------  T H R E A D  ---------------

Current thread (0x00000127fdcdf000):  VMThread "VM Thread" [stack: 0x0000000f94b00000,0x0000000f94c00000] [id=6424]

Stack: [0x0000000f94b00000,0x0000000f94c00000]
[error occurred during error reporting (printing stack bounds), id 0xc0000005, EXCEPTION_ACCESS_VIOLATION (0xc0000005) at pc=0x0000012780000f2d]

Native frames: (J=compiled Java code, j=interpreted, Vv=VM code, C=native code)
V  [jvm.dll+0x613e6a]
V  [jvm.dll+0x74c1ff]
V  [jvm.dll+0x74d885]
V  [jvm.dll+0x74de65]
V  [jvm.dll+0x74de1b]
V  [jvm.dll+0x6136a3]
V  [jvm.dll+0x613a68]
C  [ntdll.dll+0xa1f6f]
C  [ntdll.dll+0x51454]
C  [ntdll.dll+0xa0a9e]
C  0x0000012780000f2d

VM_Operation (0x0000000f945fc000): CollectForMetadataAllocation, mode: safepoint, requested by thread 0x00000127ee031800


---------------  P R O C E S S  ---------------

Threads class SMR info:
_java_thread_list=0x000001278f20ea10, length=13, elements={
0x00000127ee031800, 0x00000127fdd16000, 0x00000127fdd1f000, 0x00000127fdd0d000,
0x00000127fdd0e000, 0x00000127fdd0e800, 0x00000127fdd29000, 0x00000127fe7a4800,
0x00000127feb4e800, 0x00000127feb50800, 0x00000127fed26800, 0x000001278f1ad000,
0x000001278f244000
}

Java Threads: ( => current thread )
  0x00000127ee031800 JavaThread "main" [_thread_blocked, id=4556, stack(0x0000000f94500000,0x0000000f94600000)]
  0x00000127fdd16000 JavaThread "Reference Handler" daemon [_thread_blocked, id=2188, stack(0x0000000f94c00000,0x0000000f94d00000)]
  0x00000127fdd1f000 JavaThread "Finalizer" daemon [_thread_blocked, id=11488, stack(0x0000000f94d00000,0x0000000f94e00000)]
  0x00000127fdd0d000 JavaThread "Signal Dispatcher" daemon [_thread_blocked, id=1828, stack(0x0000000f94e00000,0x0000000f94f00000)]
  0x00000127fdd0e000 JavaThread "Attach Listener" daemon [_thread_blocked, id=2352, stack(0x0000000f94f00000,0x0000000f95000000)]
  0x00000127fdd0e800 JavaThread "C1 CompilerThread0" daemon [_thread_blocked, id=1652, stack(0x0000000f95000000,0x0000000f95100000)]
  0x00000127fdd29000 JavaThread "Sweeper thread" daemon [_thread_blocked, id=8220, stack(0x0000000f95100000,0x0000000f95200000)]
  0x00000127fe7a4800 JavaThread "Common-Cleaner" daemon [_thread_blocked, id=4044, stack(0x0000000f95200000,0x0000000f95300000)]
  0x00000127feb4e800 JavaThread "Monitor Ctrl-Break" daemon [_thread_in_native, id=5684, stack(0x0000000f95300000,0x0000000f95400000)]
  0x00000127feb50800 JavaThread "Service Thread" daemon [_thread_blocked, id=10376, stack(0x0000000f95400000,0x0000000f95500000)]
  0x00000127fed26800 JavaThread "RMI TCP Accept-0" daemon [_thread_in_native, id=4456, stack(0x0000000f95500000,0x0000000f95600000)]
  0x000001278f1ad000 JavaThread "RMI TCP Connection(1)-172.16.1.96" daemon [_thread_in_native, id=8788, stack(0x0000000f95a00000,0x0000000f95b00000)]
  0x000001278f244000 JavaThread "RMI Scheduler(0)" daemon [_thread_blocked, id=15192, stack(0x0000000f95d00000,0x0000000f95e00000)]

Other Threads:
=>0x00000127fdcdf000 VMThread "VM Thread" [stack: 0x0000000f94b00000,0x0000000f94c00000] [id=6424]
  0x00000127fed47000 WatcherThread [stack: 0x0000000f95600000,0x0000000f95700000] [id=6252]
  0x00000127ee045000 GCTaskThread "GC Thread#0" [stack: 0x0000000f94600000,0x0000000f94700000] [id=6440]
  0x00000127ff0dc000 GCTaskThread "GC Thread#1" [stack: 0x0000000f95700000,0x0000000f95800000] [id=5160]
  0x00000127ff117000 GCTaskThread "GC Thread#2" [stack: 0x0000000f95800000,0x0000000f95900000] [id=5344]
  0x000001278f1a8800 GCTaskThread "GC Thread#3" [stack: 0x0000000f95b00000,0x0000000f95c00000] [id=1712]
  0x00000127ee072800 ConcurrentGCThread "G1 Main Marker" [stack: 0x0000000f94700000,0x0000000f94800000] [id=4052]
  0x00000127ee074800 ConcurrentGCThread "G1 Conc#0" [stack: 0x0000000f94800000,0x0000000f94900000] [id=3108]
  0x000001278f015000 ConcurrentGCThread "G1 Conc#1" [stack: 0x0000000f95c00000,0x0000000f95d00000] [id=15184]
  0x00000127fdb48800 ConcurrentGCThread "G1 Refine#0" [stack: 0x0000000f94900000,0x0000000f94a00000] [id=32]
  0x00000127fdb4b000 ConcurrentGCThread "G1 Young RemSet Sampling" [stack: 0x0000000f94a00000,0x0000000f94b00000] [id=4132]

Threads with active compile tasks:

VM state:at safepoint (normal execution)

VM Mutex/Monitor currently owned by a thread:  ([mutex/lock_event])
[0x00000127ee02c5b0] Threads_lock - owner thread: 0x00000127fdcdf000
[0x00000127ee02ca30] Heap_lock - owner thread: 0x00000127ee031800

OutOfMemory and StackOverflow Exception counts:
OutOfMemoryError java_heap_errors=4
LinkageErrors=50

Heap address: 0x0000000082200000, size: 2014 MB, Compressed Oops mode: 32-bit
Narrow klass base: 0x0000000000000000, Narrow klass shift: 3
Compressed class space size: 1073741824 Address: 0x0000000100000000

Heap:
 garbage-first heap   total 129024K, used 10057K [0x0000000082200000, 0x0000000100000000)
  region size 1024K, 3 young (3072K), 3 survivors (3072K)
 Metaspace       used 22682K, capacity 23378K, committed 23420K, reserved 1101824K
  class space    used 2715K, capacity 3009K, committed 3020K, reserved 1048576K
Heap Regions: E=young(eden), S=young(survivor), O=old, HS=humongous(starts), HC=humongous(continues), CS=collection set, F=free, A=archive, TAMS=top-at-mark-start (previous, next)
|   0|0x0000000082200000, 0x0000000082300000, 0x0000000082300000|100%|HS|  |TAMS 0x0000000082300000, 0x0000000082300000| Complete 
|   1|0x0000000082300000, 0x0000000082400000, 0x0000000082400000|100%| O|  |TAMS 0x0000000082400000, 0x0000000082400000| Untracked 
|   2|0x0000000082400000, 0x0000000082500000, 0x0000000082500000|100%| O|  |TAMS 0x0000000082500000, 0x0000000082500000| Untracked 
|   3|0x0000000082500000, 0x0000000082600000, 0x0000000082600000|100%| O|  |TAMS 0x0000000082600000, 0x0000000082600000| Untracked 
|   4|0x0000000082600000, 0x0000000082700000, 0x0000000082700000|100%| O|  |TAMS 0x0000000082700000, 0x0000000082700000| Untracked 
|   5|0x0000000082700000, 0x0000000082800000, 0x0000000082800000|100%| O|  |TAMS 0x0000000082800000, 0x0000000082800000| Untracked 
|   6|0x0000000082800000, 0x0000000082900000, 0x0000000082900000|100%| O|  |TAMS 0x0000000082900000, 0x0000000082900000| Untracked 
|   7|0x0000000082900000, 0x000000008292e200, 0x0000000082a00000| 18%| O|  |TAMS 0x000000008292e200, 0x000000008292e200| Untracked 
|   8|0x0000000082a00000, 0x0000000082a00000, 0x0000000082b00000|  0%| F|  |TAMS 0x0000000082a00000, 0x0000000082a00000| Untracked 
|   9|0x0000000082b00000, 0x0000000082b00000, 0x0000000082c00000|  0%| F|  |TAMS 0x0000000082b00000, 0x0000000082b00000| Untracked 
|  10|0x0000000082c00000, 0x0000000082c00000, 0x0000000082d00000|  0%| F|  |TAMS 0x0000000082c00000, 0x0000000082c00000| Untracked 
|  11|0x0000000082d00000, 0x0000000082d00000, 0x0000000082e00000|  0%| F|  |TAMS 0x0000000082d00000, 0x0000000082d00000| Untracked 
|  12|0x0000000082e00000, 0x0000000082e00000, 0x0000000082f00000|  0%| F|  |TAMS 0x0000000082e00000, 0x0000000082e00000| Untracked 
|  13|0x0000000082f00000, 0x0000000082f00000, 0x0000000083000000|  0%| F|  |TAMS 0x0000000082f00000, 0x0000000082f00000| Untracked 
|  14|0x0000000083000000, 0x0000000083000000, 0x0000000083100000|  0%| F|  |TAMS 0x0000000083000000, 0x0000000083000000| Untracked 
|  15|0x0000000083100000, 0x0000000083100000, 0x0000000083200000|  0%| F|  |TAMS 0x0000000083100000, 0x0000000083100000| Untracked 
|  16|0x0000000083200000, 0x0000000083200000, 0x0000000083300000|  0%| F|  |TAMS 0x0000000083200000, 0x0000000083200000| Untracked 
|  17|0x0000000083300000, 0x0000000083300000, 0x0000000083400000|  0%| F|  |TAMS 0x0000000083300000, 0x0000000083300000| Untracked 
|  18|0x0000000083400000, 0x0000000083400000, 0x0000000083500000|  0%| F|  |TAMS 0x0000000083400000, 0x0000000083400000| Untracked 
|  19|0x0000000083500000, 0x0000000083500000, 0x0000000083600000|  0%| F|  |TAMS 0x0000000083500000, 0x0000000083500000| Untracked 
|  20|0x0000000083600000, 0x0000000083600000, 0x0000000083700000|  0%| F|  |TAMS 0x0000000083600000, 0x0000000083600000| Untracked 
|  21|0x0000000083700000, 0x0000000083700000, 0x0000000083800000|  0%| F|  |TAMS 0x0000000083700000, 0x0000000083700000| Untracked 
|  22|0x0000000083800000, 0x0000000083800000, 0x0000000083900000|  0%| F|  |TAMS 0x0000000083800000, 0x0000000083800000| Untracked 
|  23|0x0000000083900000, 0x0000000083900000, 0x0000000083a00000|  0%| F|  |TAMS 0x0000000083900000, 0x0000000083900000| Untracked 
|  24|0x0000000083a00000, 0x0000000083a00000, 0x0000000083b00000|  0%| F|  |TAMS 0x0000000083a00000, 0x0000000083a00000| Untracked 
|  25|0x0000000083b00000, 0x0000000083b00000, 0x0000000083c00000|  0%| F|  |TAMS 0x0000000083b00000, 0x0000000083b00000| Untracked 
|  26|0x0000000083c00000, 0x0000000083c00000, 0x0000000083d00000|  0%| F|  |TAMS 0x0000000083c00000, 0x0000000083c00000| Untracked 
|  27|0x0000000083d00000, 0x0000000083d00000, 0x0000000083e00000|  0%| F|  |TAMS 0x0000000083d00000, 0x0000000083d00000| Untracked 
|  28|0x0000000083e00000, 0x0000000083e00000, 0x0000000083f00000|  0%| F|  |TAMS 0x0000000083e00000, 0x0000000083e00000| Untracked 
|  29|0x0000000083f00000, 0x0000000083f00000, 0x0000000084000000|  0%| F|  |TAMS 0x0000000083f00000, 0x0000000083f00000| Untracked 
|  30|0x0000000084000000, 0x0000000084000000, 0x0000000084100000|  0%| F|  |TAMS 0x0000000084000000, 0x0000000084000000| Untracked 
|  31|0x0000000084100000, 0x0000000084100000, 0x0000000084200000|  0%| F|  |TAMS 0x0000000084100000, 0x0000000084100000| Untracked 
|  32|0x0000000084200000, 0x0000000084200000, 0x0000000084300000|  0%| F|  |TAMS 0x0000000084200000, 0x0000000084200000| Untracked 
|  33|0x0000000084300000, 0x0000000084300000, 0x0000000084400000|  0%| F|  |TAMS 0x0000000084300000, 0x0000000084300000| Untracked 
|  34|0x0000000084400000, 0x0000000084400000, 0x0000000084500000|  0%| F|  |TAMS 0x0000000084400000, 0x0000000084400000| Untracked 
|  35|0x0000000084500000, 0x0000000084500000, 0x0000000084600000|  0%| F|  |TAMS 0x0000000084500000, 0x0000000084500000| Untracked 
|  36|0x0000000084600000, 0x0000000084600000, 0x0000000084700000|  0%| F|  |TAMS 0x0000000084600000, 0x0000000084600000| Untracked 
|  37|0x0000000084700000, 0x0000000084700000, 0x0000000084800000|  0%| F|  |TAMS 0x0000000084700000, 0x0000000084700000| Untracked 
|  38|0x0000000084800000, 0x0000000084800000, 0x0000000084900000|  0%| F|  |TAMS 0x0000000084800000, 0x0000000084800000| Untracked 
|  39|0x0000000084900000, 0x0000000084900000, 0x0000000084a00000|  0%| F|  |TAMS 0x0000000084900000, 0x0000000084900000| Untracked 
|  40|0x0000000084a00000, 0x0000000084a00000, 0x0000000084b00000|  0%| F|  |TAMS 0x0000000084a00000, 0x0000000084a00000| Untracked 
|  41|0x0000000084b00000, 0x0000000084b00000, 0x0000000084c00000|  0%| F|  |TAMS 0x0000000084b00000, 0x0000000084b00000| Untracked 
|  42|0x0000000084c00000, 0x0000000084c00000, 0x0000000084d00000|  0%| F|  |TAMS 0x0000000084c00000, 0x0000000084c00000| Untracked 
|  43|0x0000000084d00000, 0x0000000084d00000, 0x0000000084e00000|  0%| F|  |TAMS 0x0000000084d00000, 0x0000000084d00000| Untracked 
|  44|0x0000000084e00000, 0x0000000084e00000, 0x0000000084f00000|  0%| F|  |TAMS 0x0000000084e00000, 0x0000000084e00000| Untracked 
|  45|0x0000000084f00000, 0x0000000084f00000, 0x0000000085000000|  0%| F|  |TAMS 0x0000000084f00000, 0x0000000084f00000| Untracked 
|  46|0x0000000085000000, 0x0000000085000000, 0x0000000085100000|  0%| F|  |TAMS 0x0000000085000000, 0x0000000085000000| Untracked 
|  47|0x0000000085100000, 0x0000000085100000, 0x0000000085200000|  0%| F|  |TAMS 0x0000000085100000, 0x0000000085100000| Untracked 
|  48|0x0000000085200000, 0x0000000085200000, 0x0000000085300000|  0%| F|  |TAMS 0x0000000085200000, 0x0000000085200000| Untracked 
|  49|0x0000000085300000, 0x0000000085300000, 0x0000000085400000|  0%| F|  |TAMS 0x0000000085300000, 0x0000000085300000| Untracked 
|  50|0x0000000085400000, 0x0000000085400000, 0x0000000085500000|  0%| F|  |TAMS 0x0000000085400000, 0x0000000085400000| Untracked 
|  51|0x0000000085500000, 0x0000000085500000, 0x0000000085600000|  0%| F|  |TAMS 0x0000000085500000, 0x0000000085500000| Untracked 
|  52|0x0000000085600000, 0x0000000085600000, 0x0000000085700000|  0%| F|  |TAMS 0x0000000085600000, 0x0000000085600000| Untracked 
|  53|0x0000000085700000, 0x0000000085700000, 0x0000000085800000|  0%| F|  |TAMS 0x0000000085700000, 0x0000000085700000| Untracked 
|  54|0x0000000085800000, 0x0000000085800000, 0x0000000085900000|  0%| F|  |TAMS 0x0000000085800000, 0x0000000085800000| Untracked 
|  55|0x0000000085900000, 0x0000000085900000, 0x0000000085a00000|  0%| F|  |TAMS 0x0000000085900000, 0x0000000085900000| Untracked 
|  56|0x0000000085a00000, 0x0000000085a00000, 0x0000000085b00000|  0%| F|  |TAMS 0x0000000085a00000, 0x0000000085a00000| Untracked 
|  57|0x0000000085b00000, 0x0000000085b00000, 0x0000000085c00000|  0%| F|  |TAMS 0x0000000085b00000, 0x0000000085b00000| Untracked 
|  58|0x0000000085c00000, 0x0000000085c00000, 0x0000000085d00000|  0%| F|  |TAMS 0x0000000085c00000, 0x0000000085c00000| Untracked 
|  59|0x0000000085d00000, 0x0000000085d00000, 0x0000000085e00000|  0%| F|  |TAMS 0x0000000085d00000, 0x0000000085d00000| Untracked 
|  60|0x0000000085e00000, 0x0000000085e00000, 0x0000000085f00000|  0%| F|  |TAMS 0x0000000085e00000, 0x0000000085e00000| Untracked 
|  61|0x0000000085f00000, 0x0000000085f00000, 0x0000000086000000|  0%| F|  |TAMS 0x0000000085f00000, 0x0000000085f00000| Untracked 
|  62|0x0000000086000000, 0x0000000086000000, 0x0000000086100000|  0%| F|  |TAMS 0x0000000086000000, 0x0000000086000000| Untracked 
|  63|0x0000000086100000, 0x0000000086100000, 0x0000000086200000|  0%| F|  |TAMS 0x0000000086100000, 0x0000000086100000| Untracked 
|  64|0x0000000086200000, 0x0000000086200000, 0x0000000086300000|  0%| F|  |TAMS 0x0000000086200000, 0x0000000086200000| Untracked 
|  65|0x0000000086300000, 0x0000000086300000, 0x0000000086400000|  0%| F|  |TAMS 0x0000000086300000, 0x0000000086300000| Untracked 
|  66|0x0000000086400000, 0x0000000086400000, 0x0000000086500000|  0%| F|  |TAMS 0x0000000086400000, 0x0000000086400000| Untracked 
|  67|0x0000000086500000, 0x0000000086500000, 0x0000000086600000|  0%| F|  |TAMS 0x0000000086500000, 0x0000000086500000| Untracked 
|  68|0x0000000086600000, 0x0000000086600000, 0x0000000086700000|  0%| F|  |TAMS 0x0000000086600000, 0x0000000086600000| Untracked 
|  69|0x0000000086700000, 0x0000000086700000, 0x0000000086800000|  0%| F|  |TAMS 0x0000000086700000, 0x0000000086700000| Untracked 
|  70|0x0000000086800000, 0x0000000086800000, 0x0000000086900000|  0%| F|  |TAMS 0x0000000086800000, 0x0000000086800000| Untracked 
|  71|0x0000000086900000, 0x0000000086900000, 0x0000000086a00000|  0%| F|  |TAMS 0x0000000086900000, 0x0000000086900000| Untracked 
|  72|0x0000000086a00000, 0x0000000086a00000, 0x0000000086b00000|  0%| F|  |TAMS 0x0000000086a00000, 0x0000000086a00000| Untracked 
|  73|0x0000000086b00000, 0x0000000086b00000, 0x0000000086c00000|  0%| F|  |TAMS 0x0000000086b00000, 0x0000000086b00000| Untracked 
|  74|0x0000000086c00000, 0x0000000086c00000, 0x0000000086d00000|  0%| F|  |TAMS 0x0000000086c00000, 0x0000000086c00000| Untracked 
|  75|0x0000000086d00000, 0x0000000086d00000, 0x0000000086e00000|  0%| F|  |TAMS 0x0000000086d00000, 0x0000000086d00000| Untracked 
|  76|0x0000000086e00000, 0x0000000086e00000, 0x0000000086f00000|  0%| F|  |TAMS 0x0000000086e00000, 0x0000000086e00000| Untracked 
|  77|0x0000000086f00000, 0x0000000086f00000, 0x0000000087000000|  0%| F|  |TAMS 0x0000000086f00000, 0x0000000086f00000| Untracked 
|  78|0x0000000087000000, 0x0000000087000000, 0x0000000087100000|  0%| F|  |TAMS 0x0000000087000000, 0x0000000087000000| Untracked 
|  79|0x0000000087100000, 0x0000000087100000, 0x0000000087200000|  0%| F|  |TAMS 0x0000000087100000, 0x0000000087100000| Untracked 
|  80|0x0000000087200000, 0x0000000087200000, 0x0000000087300000|  0%| F|  |TAMS 0x0000000087200000, 0x0000000087200000| Untracked 
|  81|0x0000000087300000, 0x0000000087300000, 0x0000000087400000|  0%| F|  |TAMS 0x0000000087300000, 0x0000000087300000| Untracked 
|  82|0x0000000087400000, 0x0000000087400000, 0x0000000087500000|  0%| F|  |TAMS 0x0000000087400000, 0x0000000087400000| Untracked 
|  83|0x0000000087500000, 0x0000000087500000, 0x0000000087600000|  0%| F|  |TAMS 0x0000000087500000, 0x0000000087500000| Untracked 
|  84|0x0000000087600000, 0x0000000087600000, 0x0000000087700000|  0%| F|  |TAMS 0x0000000087600000, 0x0000000087600000| Untracked 
|  85|0x0000000087700000, 0x0000000087700000, 0x0000000087800000|  0%| F|  |TAMS 0x0000000087700000, 0x0000000087700000| Untracked 
|  86|0x0000000087800000, 0x0000000087800000, 0x0000000087900000|  0%| F|  |TAMS 0x0000000087800000, 0x0000000087800000| Untracked 
|  87|0x0000000087900000, 0x0000000087900000, 0x0000000087a00000|  0%| F|  |TAMS 0x0000000087900000, 0x0000000087900000| Untracked 
|  88|0x0000000087a00000, 0x0000000087a00000, 0x0000000087b00000|  0%| F|  |TAMS 0x0000000087a00000, 0x0000000087a00000| Untracked 
|  89|0x0000000087b00000, 0x0000000087b00000, 0x0000000087c00000|  0%| F|  |TAMS 0x0000000087b00000, 0x0000000087b00000| Untracked 
|  90|0x0000000087c00000, 0x0000000087c00000, 0x0000000087d00000|  0%| F|  |TAMS 0x0000000087c00000, 0x0000000087c00000| Untracked 
|  91|0x0000000087d00000, 0x0000000087d00000, 0x0000000087e00000|  0%| F|  |TAMS 0x0000000087d00000, 0x0000000087d00000| Untracked 
|  92|0x0000000087e00000, 0x0000000087e00000, 0x0000000087f00000|  0%| F|  |TAMS 0x0000000087e00000, 0x0000000087e00000| Untracked 
|  93|0x0000000087f00000, 0x0000000087f00000, 0x0000000088000000|  0%| F|  |TAMS 0x0000000087f00000, 0x0000000087f00000| Untracked 
|  94|0x0000000088000000, 0x0000000088000000, 0x0000000088100000|  0%| F|  |TAMS 0x0000000088000000, 0x0000000088000000| Untracked 
|  95|0x0000000088100000, 0x0000000088100000, 0x0000000088200000|  0%| F|  |TAMS 0x0000000088100000, 0x0000000088100000| Untracked 
|  96|0x0000000088200000, 0x0000000088200000, 0x0000000088300000|  0%| F|  |TAMS 0x0000000088200000, 0x0000000088200000| Untracked 
|  97|0x0000000088300000, 0x0000000088300000, 0x0000000088400000|  0%| F|  |TAMS 0x0000000088300000, 0x0000000088300000| Untracked 
|  98|0x0000000088400000, 0x0000000088400000, 0x0000000088500000|  0%| F|  |TAMS 0x0000000088400000, 0x0000000088400000| Untracked 
|  99|0x0000000088500000, 0x0000000088500000, 0x0000000088600000|  0%| F|  |TAMS 0x0000000088500000, 0x0000000088500000| Untracked 
| 100|0x0000000088600000, 0x0000000088600000, 0x0000000088700000|  0%| F|  |TAMS 0x0000000088600000, 0x0000000088600000| Untracked 
| 101|0x0000000088700000, 0x0000000088700000, 0x0000000088800000|  0%| F|  |TAMS 0x0000000088700000, 0x0000000088700000| Untracked 
| 102|0x0000000088800000, 0x0000000088800000, 0x0000000088900000|  0%| F|  |TAMS 0x0000000088800000, 0x0000000088800000| Untracked 
| 103|0x0000000088900000, 0x0000000088900000, 0x0000000088a00000|  0%| F|  |TAMS 0x0000000088900000, 0x0000000088900000| Untracked 
| 104|0x0000000088a00000, 0x0000000088a00000, 0x0000000088b00000|  0%| F|  |TAMS 0x0000000088a00000, 0x0000000088a00000| Untracked 
| 105|0x0000000088b00000, 0x0000000088b00000, 0x0000000088c00000|  0%| F|  |TAMS 0x0000000088b00000, 0x0000000088b00000| Untracked 
| 106|0x0000000088c00000, 0x0000000088c00000, 0x0000000088d00000|  0%| F|  |TAMS 0x0000000088c00000, 0x0000000088c00000| Untracked 
| 107|0x0000000088d00000, 0x0000000088d00000, 0x0000000088e00000|  0%| F|  |TAMS 0x0000000088d00000, 0x0000000088d00000| Untracked 
| 108|0x0000000088e00000, 0x0000000088e00000, 0x0000000088f00000|  0%| F|  |TAMS 0x0000000088e00000, 0x0000000088e00000| Untracked 
| 109|0x0000000088f00000, 0x0000000088f00000, 0x0000000089000000|  0%| F|  |TAMS 0x0000000088f00000, 0x0000000088f00000| Untracked 
| 110|0x0000000089000000, 0x0000000089000000, 0x0000000089100000|  0%| F|  |TAMS 0x0000000089000000, 0x0000000089000000| Untracked 
| 111|0x0000000089100000, 0x0000000089100000, 0x0000000089200000|  0%| F|  |TAMS 0x0000000089100000, 0x0000000089100000| Untracked 
| 112|0x0000000089200000, 0x0000000089200000, 0x0000000089300000|  0%| F|  |TAMS 0x0000000089200000, 0x0000000089200000| Untracked 
| 113|0x0000000089300000, 0x0000000089300000, 0x0000000089400000|  0%| F|  |TAMS 0x0000000089300000, 0x0000000089300000| Untracked 
| 114|0x0000000089400000, 0x0000000089400000, 0x0000000089500000|  0%| F|  |TAMS 0x0000000089400000, 0x0000000089400000| Untracked 
| 115|0x0000000089500000, 0x0000000089500000, 0x0000000089600000|  0%| F|  |TAMS 0x0000000089500000, 0x0000000089500000| Untracked 
| 116|0x0000000089600000, 0x0000000089600000, 0x0000000089700000|  0%| F|  |TAMS 0x0000000089600000, 0x0000000089600000| Untracked 
| 117|0x0000000089700000, 0x0000000089700000, 0x0000000089800000|  0%| F|  |TAMS 0x0000000089700000, 0x0000000089700000| Untracked 
| 118|0x0000000089800000, 0x00000000898a4400, 0x0000000089900000| 64%| S|CS|TAMS 0x0000000089800000, 0x0000000089800000| Complete 
| 119|0x0000000089900000, 0x0000000089a00000, 0x0000000089a00000|100%| S|CS|TAMS 0x0000000089900000, 0x0000000089900000| Complete 
| 120|0x0000000089a00000, 0x0000000089a00000, 0x0000000089b00000|  0%| F|  |TAMS 0x0000000089a00000, 0x0000000089a00000| Untracked 
| 121|0x0000000089b00000, 0x0000000089b00000, 0x0000000089c00000|  0%| F|  |TAMS 0x0000000089b00000, 0x0000000089b00000| Untracked 
| 122|0x0000000089c00000, 0x0000000089c00000, 0x0000000089d00000|  0%| F|  |TAMS 0x0000000089c00000, 0x0000000089c00000| Untracked 
| 123|0x0000000089d00000, 0x0000000089e00000, 0x0000000089e00000|100%| S|CS|TAMS 0x0000000089d00000, 0x0000000089d00000| Complete 
| 124|0x0000000089e00000, 0x0000000089e00000, 0x0000000089f00000|  0%| F|  |TAMS 0x0000000089e00000, 0x0000000089e00000| Untracked 
| 125|0x0000000089f00000, 0x0000000089f00000, 0x000000008a000000|  0%| F|  |TAMS 0x0000000089f00000, 0x0000000089f00000| Untracked 

Card table byte_map: [0x00000127f6bd0000,0x00000127f6fc0000] _byte_map_base: 0x00000127f67bf000

Marking Bits (Prev, Next): (CMBitMap*) 0x00000127ee069aa0, (CMBitMap*) 0x00000127ee069a68
 Prev Bits: [0x00000127f9330000, 0x00000127fb2a8000)
 Next Bits: [0x00000127f73b0000, 0x00000127f9328000)

Polling page: 0x00000127ebfa0000

Metaspace:

Usage:
  Non-class:     19.89 MB capacity,    19.50 MB ( 98%) used,   323.28 KB (  2%) free+waste,    77.94 KB ( <1%) overhead. 
      Class:      2.94 MB capacity,     2.65 MB ( 90%) used,   254.43 KB (  8%) free+waste,    39.56 KB (  1%) overhead. 
       Both:     22.83 MB capacity,    22.15 MB ( 97%) used,   577.71 KB (  2%) free+waste,   117.50 KB ( <1%) overhead. 

Virtual space:
  Non-class space:       52.00 MB reserved,      19.92 MB ( 38%) committed 
      Class space:        1.00 GB reserved,       2.95 MB ( <1%) committed 
             Both:        1.05 GB reserved,      22.87 MB (  2%) committed 

Chunk freelists:
   Non-Class:  3.88 KB
       Class:  0 bytes
        Both:  3.88 KB

CodeHeap 'non-profiled nmethods': size=238336Kb used=2693Kb max_used=2693Kb free=235642Kb
 bounds [0x0000012780740000, 0x00000127809f0000, 0x000001278f000000]
CodeHeap 'non-nmethods': size=7424Kb used=1140Kb max_used=1140Kb free=6283Kb
 bounds [0x0000012780000000, 0x0000012780270000, 0x0000012780740000]
 total_blobs=2450 nmethods=1984 adapters=392
 compilation: enabled
              stopped_count=0, restarted_count=0
 full_count=0

Compilation events (10 events):
Event: 1.404 Thread 0x00000127fdd0e800 1981       1       java.util.Collections$EmptyMap::get (2 bytes)
Event: 1.404 Thread 0x00000127fdd0e800 nmethod 1981 0x00000127809df490 code [0x00000127809df620, 0x00000127809df6d8]
Event: 1.404 Thread 0x00000127fdd0e800 1982       1       java.lang.reflect.Method::getExceptionTypes (11 bytes)
Event: 1.405 Thread 0x00000127fdd0e800 nmethod 1982 0x00000127809df790 code [0x00000127809df940, 0x00000127809dfa48]
Event: 1.405 Thread 0x00000127fdd0e800 1983       1       java.util.Collections$UnmodifiableSet::<init> (6 bytes)
Event: 1.405 Thread 0x00000127fdd0e800 nmethod 1983 0x00000127809dfb10 code [0x00000127809dfcc0, 0x00000127809dfe88]
Event: 1.405 Thread 0x00000127fdd0e800 1984       1       java.util.StringJoiner::<init> (56 bytes)
Event: 1.406 Thread 0x00000127fdd0e800 nmethod 1984 0x00000127809dff90 code [0x00000127809e01a0, 0x00000127809e0638]
Event: 1.406 Thread 0x00000127fdd0e800 1985       1       java.util.StringJoiner::toString (181 bytes)
Event: 1.406 Thread 0x00000127fdd0e800 nmethod 1985 0x00000127809e0810 code [0x00000127809e0a40, 0x00000127809e1028]

GC Heap History (10 events):
Event: 0.937 GC heap before
{Heap before GC invocations=0 (full 0):
 garbage-first heap   total 129024K, used 24576K [0x0000000082200000, 0x0000000100000000)
  region size 1024K, 24 young (24576K), 0 survivors (0K)
 Metaspace       used 13992K, capacity 14280K, committed 14464K, reserved 1062912K
  class space    used 1472K, capacity 1596K, committed 1664K, reserved 1048576K
}
Event: 0.941 GC heap after
{Heap after GC invocations=1 (full 0):
 garbage-first heap   total 129024K, used 7500K [0x0000000082200000, 0x0000000100000000)
  region size 1024K, 3 young (3072K), 3 survivors (3072K)
 Metaspace       used 13992K, capacity 14280K, committed 14464K, reserved 1062912K
  class space    used 1472K, capacity 1596K, committed 1664K, reserved 1048576K
}
Event: 1.304 GC heap before
{Heap before GC invocations=1 (full 0):
 garbage-first heap   total 129024K, used 47436K [0x0000000082200000, 0x0000000100000000)
  region size 1024K, 44 young (45056K), 3 survivors (3072K)
 Metaspace       used 20633K, capacity 21194K, committed 21296K, reserved 1069056K
  class space    used 2413K, capacity 2655K, committed 2688K, reserved 1048576K
}
Event: 1.308 GC heap after
{Heap after GC invocations=2 (full 0):
 garbage-first heap   total 129024K, used 9257K [0x0000000082200000, 0x0000000100000000)
  region size 1024K, 5 young (5120K), 5 survivors (5120K)
 Metaspace       used 20633K, capacity 21194K, committed 21296K, reserved 1069056K
  class space    used 2413K, capacity 2655K, committed 2688K, reserved 1048576K
}
Event: 1.362 GC heap before
{Heap before GC invocations=3 (full 0):
 garbage-first heap   total 129024K, used 18473K [0x0000000082200000, 0x0000000100000000)
  region size 1024K, 15 young (15360K), 5 survivors (5120K)
 Metaspace       used 22107K, capacity 22778K, committed 22908K, reserved 1085440K
  class space    used 2644K, capacity 2937K, committed 3020K, reserved 1048576K
}
Event: 1.366 GC heap after
{Heap after GC invocations=4 (full 0):
 garbage-first heap   total 129024K, used 10078K [0x0000000082200000, 0x0000000100000000)
  region size 1024K, 3 young (3072K), 3 survivors (3072K)
 Metaspace       used 22107K, capacity 22778K, committed 22908K, reserved 1085440K
  class space    used 2644K, capacity 2937K, committed 3020K, reserved 1048576K
}
Event: 1.383 GC heap before
{Heap before GC invocations=5 (full 0):
 garbage-first heap   total 129024K, used 11102K [0x0000000082200000, 0x0000000100000000)
  region size 1024K, 6 young (6144K), 3 survivors (3072K)
 Metaspace       used 22416K, capacity 23075K, committed 23164K, reserved 1091584K
  class space    used 2682K, capacity 2972K, committed 3020K, reserved 1048576K
}
Event: 1.387 GC heap after
{Heap after GC invocations=6 (full 0):
 garbage-first heap   total 129024K, used 10077K [0x0000000082200000, 0x0000000100000000)
  region size 1024K, 3 young (3072K), 3 survivors (3072K)
 Metaspace       used 22416K, capacity 23075K, committed 23164K, reserved 1091584K
  class space    used 2682K, capacity 2972K, committed 3020K, reserved 1048576K
}
Event: 1.411 GC heap before
{Heap before GC invocations=7 (full 0):
 garbage-first heap   total 129024K, used 11101K [0x0000000082200000, 0x0000000100000000)
  region size 1024K, 5 young (5120K), 3 survivors (3072K)
 Metaspace       used 22682K, capacity 23378K, committed 23420K, reserved 1099776K
  class space    used 2715K, capacity 3009K, committed 3020K, reserved 1048576K
}
Event: 1.414 GC heap after
{Heap after GC invocations=8 (full 0):
 garbage-first heap   total 129024K, used 10057K [0x0000000082200000, 0x0000000100000000)
  region size 1024K, 3 young (3072K), 3 survivors (3072K)
 Metaspace       used 22682K, capacity 23378K, committed 23420K, reserved 1099776K
  class space    used 2715K, capacity 3009K, committed 3020K, reserved 1048576K
}

Deoptimization events (0 events):
No events

Classes redefined (0 events):
No events

Internal exceptions (10 events):
Event: 1.404 Thread 0x00000127ee031800 Exception <a 'java/lang/ClassNotFoundException'{0x0000000089f92f48}: org/springframework/core/PriorityOrderedCustomizer> (0x0000000089f92f48) thrown at [./open/src/hotspot/share/classfile/systemDictionary.cpp, line 228]
Event: 1.404 Thread 0x00000127ee031800 Exception <a 'java/lang/ClassNotFoundException'{0x0000000089fa0b20}: org/springframework/core/OrderedCustomizer> (0x0000000089fa0b20) thrown at [./open/src/hotspot/share/classfile/systemDictionary.cpp, line 228]
Event: 1.404 Thread 0x00000127ee031800 Exception <a 'java/lang/ClassNotFoundException'{0x0000000089fb0f50}: org/springframework/context/ResourceLoaderAwareCustomizer> (0x0000000089fb0f50) thrown at [./open/src/hotspot/share/classfile/systemDictionary.cpp, line 228]
Event: 1.405 Thread 0x00000127ee031800 Exception <a 'java/lang/ClassNotFoundException'{0x0000000089fc0738}: org/springframework/beans/factory/AwareCustomizer> (0x0000000089fc0738) thrown at [./open/src/hotspot/share/classfile/systemDictionary.cpp, line 228]
Event: 1.405 Thread 0x00000127ee031800 Exception <a 'java/lang/ClassNotFoundException'{0x0000000089fd06b8}: org/springframework/context/ApplicationStartupAwareCustomizer> (0x0000000089fd06b8) thrown at [./open/src/hotspot/share/classfile/systemDictionary.cpp, line 228]
Event: 1.405 Thread 0x00000127ee031800 Exception <a 'java/lang/ClassNotFoundException'{0x0000000089fe0118}: org/springframework/beans/factory/AwareCustomizer> (0x0000000089fe0118) thrown at [./open/src/hotspot/share/classfile/systemDictionary.cpp, line 228]
Event: 1.405 Thread 0x00000127ee031800 Exception <a 'java/lang/ClassNotFoundException'{0x0000000089ff03e0}: org/springframework/beans/factory/BeanClassLoaderAwareCustomizer> (0x0000000089ff03e0) thrown at [./open/src/hotspot/share/classfile/systemDictionary.cpp, line 228]
Event: 1.405 Thread 0x00000127ee031800 Exception <a 'java/lang/ClassNotFoundException'{0x0000000089fffbe0}: org/springframework/beans/factory/AwareCustomizer> (0x0000000089fffbe0) thrown at [./open/src/hotspot/share/classfile/systemDictionary.cpp, line 228]
Event: 1.406 Thread 0x00000127ee031800 Exception <a 'java/lang/ClassNotFoundException'{0x0000000089e0f2f0}: org/springframework/context/EnvironmentAwareCustomizer> (0x0000000089e0f2f0) thrown at [./open/src/hotspot/share/classfile/systemDictionary.cpp, line 228]
Event: 1.406 Thread 0x00000127ee031800 Exception <a 'java/lang/ClassNotFoundException'{0x0000000089e1ea68}: org/springframework/beans/factory/AwareCustomizer> (0x0000000089e1ea68) thrown at [./open/src/hotspot/share/classfile/systemDictionary.cpp, line 228]

Events (10 events):
Event: 1.410 loading class org/springframework/beans/factory/config/TypedStringValue done
Event: 1.410 loading class org/springframework/beans/AbstractNestablePropertyAccessor$PropertyTokenHolder
Event: 1.410 loading class org/springframework/beans/AbstractNestablePropertyAccessor$PropertyTokenHolder done
Event: 1.410 loading class org/springframework/beans/factory/support/BeanDefinitionRegistryPostProcessor
Event: 1.410 loading class org/springframework/beans/factory/support/BeanDefinitionRegistryPostProcessor done
Event: 1.410 loading class org/springframework/context/annotation/ConfigurationClassUtils
Event: 1.410 loading class org/springframework/context/annotation/ConfigurationClassUtils done
Event: 1.411 loading class org/springframework/core/Conventions
Event: 1.411 loading class org/springframework/core/Conventions done
Event: 1.411 Executing VM operation: CollectForMetadataAllocation


Dynamic libraries:
0x00007ff721120000 - 0x00007ff72112f000 	C:\Program Files\Java\jdk-11.0.10\bin\java.exe
0x00007ffecdbf0000 - 0x00007ffecdde5000 	C:\WINDOWS\SYSTEM32\ntdll.dll
0x00007ffecd8e0000 - 0x00007ffecd99d000 	C:\WINDOWS\System32\KERNEL32.DLL
0x00007ffecb8f0000 - 0x00007ffecbbb9000 	C:\WINDOWS\System32\KERNELBASE.dll
0x00007ffecb5e0000 - 0x00007ffecb6e0000 	C:\WINDOWS\System32\ucrtbase.dll
0x00007ffec65a0000 - 0x00007ffec65b5000 	C:\Program Files\Java\jdk-11.0.10\bin\VCRUNTIME140.dll
0x00007ffebd9f0000 - 0x00007ffebda08000 	C:\Program Files\Java\jdk-11.0.10\bin\jli.dll
0x00007ffecc560000 - 0x00007ffecc60c000 	C:\WINDOWS\System32\ADVAPI32.dll
0x00007ffeccd90000 - 0x00007ffecce2e000 	C:\WINDOWS\System32\msvcrt.dll
0x00007ffecce30000 - 0x00007ffeccecc000 	C:\WINDOWS\System32\sechost.dll
0x00007ffecbea0000 - 0x00007ffecbfcb000 	C:\WINDOWS\System32\RPCRT4.dll
0x00007ffecd1c0000 - 0x00007ffecd360000 	C:\WINDOWS\System32\USER32.dll
0x00007ffecbbc0000 - 0x00007ffecbbe2000 	C:\WINDOWS\System32\win32u.dll
0x00007ffeb3f00000 - 0x00007ffeb419a000 	C:\WINDOWS\WinSxS\amd64_microsoft.windows.common-controls_6595b64144ccf1df_6.0.19041.844_none_ca00b6081b84eb1d\COMCTL32.dll
0x00007ffecc080000 - 0x00007ffecc0aa000 	C:\WINDOWS\System32\GDI32.dll
0x00007ffecb450000 - 0x00007ffecb55b000 	C:\WINDOWS\System32\gdi32full.dll
0x00007ffecb330000 - 0x00007ffecb3cd000 	C:\WINDOWS\System32\msvcp_win.dll
0x00007ffec58e0000 - 0x00007ffec58ea000 	C:\WINDOWS\SYSTEM32\VERSION.dll
0x00007ffeccd60000 - 0x00007ffeccd90000 	C:\WINDOWS\System32\IMM32.DLL
0x00007ffeb1c40000 - 0x00007ffeb1cdb000 	C:\Program Files\Java\jdk-11.0.10\bin\msvcp140.dll
0x00007ffe91ba0000 - 0x00007ffe9269b000 	C:\Program Files\Java\jdk-11.0.10\bin\server\jvm.dll
0x00007ffecd830000 - 0x00007ffecd838000 	C:\WINDOWS\System32\PSAPI.DLL
0x00007ffec6780000 - 0x00007ffec6789000 	C:\WINDOWS\SYSTEM32\WSOCK32.dll
0x00007ffec6740000 - 0x00007ffec6767000 	C:\WINDOWS\SYSTEM32\WINMM.dll
0x00007ffecd840000 - 0x00007ffecd8ab000 	C:\WINDOWS\System32\WS2_32.dll
0x00007ffec9c40000 - 0x00007ffec9c52000 	C:\WINDOWS\SYSTEM32\kernel.appcore.dll
0x00007ffec3b90000 - 0x00007ffec3ba0000 	C:\Program Files\Java\jdk-11.0.10\bin\verify.dll
0x00007ffec9940000 - 0x00007ffec9b24000 	C:\WINDOWS\SYSTEM32\DBGHELP.DLL
0x00007ffec3b40000 - 0x00007ffec3b6c000 	C:\WINDOWS\SYSTEM32\dbgcore.DLL
0x00007ffecb3d0000 - 0x00007ffecb450000 	C:\WINDOWS\System32\bcryptPrimitives.dll
0x00007ffeb8750000 - 0x00007ffeb8778000 	C:\Program Files\Java\jdk-11.0.10\bin\java.dll
0x00007ffebd9e0000 - 0x00007ffebd9ea000 	C:\Program Files\Java\jdk-11.0.10\bin\jimage.dll
0x00007ffec61f0000 - 0x00007ffec61fe000 	C:\Program Files\Java\jdk-11.0.10\bin\instrument.dll
0x00007ffeb1b30000 - 0x00007ffeb1b46000 	C:\Program Files\Java\jdk-11.0.10\bin\zip.dll
0x00007ffecc610000 - 0x00007ffeccd52000 	C:\WINDOWS\System32\SHELL32.dll
0x00007ffec90e0000 - 0x00007ffec9870000 	C:\WINDOWS\SYSTEM32\windows.storage.dll
0x00007ffecc200000 - 0x00007ffecc555000 	C:\WINDOWS\System32\combase.dll
0x00007ffecada0000 - 0x00007ffecadcc000 	C:\WINDOWS\SYSTEM32\Wldp.dll
0x00007ffecbfd0000 - 0x00007ffecc07e000 	C:\WINDOWS\System32\SHCORE.dll
0x00007ffecd360000 - 0x00007ffecd3b5000 	C:\WINDOWS\System32\shlwapi.dll
0x00007ffecb270000 - 0x00007ffecb28f000 	C:\WINDOWS\SYSTEM32\profapi.dll
0x00007ffeb1b10000 - 0x00007ffeb1b29000 	C:\Program Files\Java\jdk-11.0.10\bin\net.dll
0x00007ffec1570000 - 0x00007ffec167c000 	C:\WINDOWS\SYSTEM32\WINHTTP.dll
0x00007ffecab20000 - 0x00007ffecab8a000 	C:\WINDOWS\system32\mswsock.dll
0x00007ffeb12f0000 - 0x00007ffeb1302000 	C:\Program Files\Java\jdk-11.0.10\bin\nio.dll
0x00007ffec6180000 - 0x00007ffec619a000 	C:\Program Files\JetBrains\IntelliJ IDEA 2020.3.2\bin\breakgen64.dll
0x00007ffeca810000 - 0x00007ffeca8db000 	C:\WINDOWS\SYSTEM32\DNSAPI.dll
0x00007ffeca7c0000 - 0x00007ffeca7fb000 	C:\WINDOWS\SYSTEM32\IPHLPAPI.DLL
0x00007ffecd8d0000 - 0x00007ffecd8d8000 	C:\WINDOWS\System32\NSI.dll
0x00007ffebf990000 - 0x00007ffebf99a000 	C:\Windows\System32\rasadhlp.dll
0x00007ffec11f0000 - 0x00007ffec126f000 	C:\WINDOWS\System32\fwpuclnt.dll
0x00007ffecb560000 - 0x00007ffecb587000 	C:\WINDOWS\System32\bcrypt.dll
0x00007ffebd9d0000 - 0x00007ffebd9d9000 	C:\Program Files\Java\jdk-11.0.10\bin\management.dll
0x00007ffeb8740000 - 0x00007ffeb874b000 	C:\Program Files\Java\jdk-11.0.10\bin\management_ext.dll
0x00007ffecacf0000 - 0x00007ffecad08000 	C:\WINDOWS\SYSTEM32\CRYPTSP.dll
0x00007ffeca450000 - 0x00007ffeca484000 	C:\WINDOWS\system32\rsaenh.dll
0x00007ffecb230000 - 0x00007ffecb25e000 	C:\WINDOWS\SYSTEM32\USERENV.dll
0x00007ffecad10000 - 0x00007ffecad1c000 	C:\WINDOWS\SYSTEM32\CRYPTBASE.dll
0x00007ffec39b0000 - 0x00007ffec39c7000 	C:\WINDOWS\SYSTEM32\dhcpcsvc6.DLL
0x00007ffec3e00000 - 0x00007ffec3e1d000 	C:\WINDOWS\SYSTEM32\dhcpcsvc.DLL
0x00007ffeb0b20000 - 0x00007ffeb0b37000 	C:\WINDOWS\system32\napinsp.dll
0x00007ffeb0840000 - 0x00007ffeb085b000 	C:\WINDOWS\system32\pnrpnsp.dll
0x00007ffeb0820000 - 0x00007ffeb0835000 	C:\WINDOWS\system32\wshbth.dll
0x00007ffec4670000 - 0x00007ffec468d000 	C:\WINDOWS\system32\NLAapi.dll
0x00007ffeb04e0000 - 0x00007ffeb04f2000 	C:\WINDOWS\System32\winrnr.dll

dbghelp: loaded successfully - version: 4.0.5 - missing functions: none
symbol engine: initialized successfully - sym options: 0x614 - pdb path: .;C:\Program Files\Java\jdk-11.0.10\bin;C:\WINDOWS\SYSTEM32;C:\WINDOWS\WinSxS\amd64_microsoft.windows.common-controls_6595b64144ccf1df_6.0.19041.844_none_ca00b6081b84eb1d;C:\Program Files\Java\jdk-11.0.10\bin\server;C:\Program Files\JetBrains\IntelliJ IDEA 2020.3.2\bin

VM Arguments:
jvm_args: -XX:TieredStopAtLevel=1 -Xverify:none -Dspring.output.ansi.enabled=always -javaagent:C:\Program Files\JetBrains\IntelliJ IDEA 2020.3.2\lib\idea_rt.jar=56221:C:\Program Files\JetBrains\IntelliJ IDEA 2020.3.2\bin -Dcom.sun.management.jmxremote -Dspring.jmx.enabled=true -Dspring.liveBeansView.mbeanDomain -Dspring.application.admin.enabled=true -Dfile.encoding=UTF-8 
java_command: com.example.furama.FuramaApplication
java_class_path (initial): D:\C1020G1-LeQuangDuong-new\C1020G1-LeQuangDuong\case_study_4\furama\build\classes\java\main;D:\C1020G1-LeQuangDuong-new\C1020G1-LeQuangDuong\case_study_4\furama\build\resources\main;C:\Users\TechCare\.gradle\caches\modules-2\files-2.1\org.springframework.boot\spring-boot-starter-data-jpa\2.4.3\356d18d4bb10915f3d13c845fc38b5c068f2e075\spring-boot-starter-data-jpa-2.4.3.jar;C:\Users\TechCare\.gradle\caches\modules-2\files-2.1\org.springframework.boot\spring-boot-starter-security\2.4.3\1279b678adb2c991797cec49f83d8f6b8ce14df9\spring-boot-starter-security-2.4.3.jar;C:\Users\TechCare\.gradle\caches\modules-2\files-2.1\org.springframework.boot\spring-boot-starter-thymeleaf\2.4.3\64fdb078f965cba7e5ec1f04c9fdeee87a4b788d\spring-boot-starter-thymeleaf-2.4.3.jar;C:\Users\TechCare\.gradle\caches\modules-2\files-2.1\org.springframework.boot\spring-boot-starter-validation\2.4.3\4fcad7c11f72ab8db3075a48f29b8fc1646d9796\spring-boot-starter-validation-2.4.3.jar;C:\Users\TechCare\.gradle\caches\modules-2\files-2.1\org.springframework.boot\spring-boot-starter-web\2.4.3\4f5554ea183af87e52d8c31bb82aada0d74c40b0\spring-boot-starter-web-2.4.3.jar;C:\Users\TechCare\.gradle\caches\modules-2\files-2.1\org.thymeleaf.extras\thymeleaf-extras-springsecurity5\3.0.4.RELEASE\88bb10bf73ce285208dd848e8eb17f897ebb02d4\thymeleaf-extras-springsecurity5-3.0.4.RELEASE.jar;C:\Users\TechCare\.gradle\caches\modules-2\files-2.1\org.springframework.boot\spring-boot-starter-aop\2.4.3\333593abae74bf7ecc883460751dcc69afb82604\spring-boot-starter-aop-2.4.3.jar;C:\Users\TechCare\.gradle\caches\modules-2\files-2.1\org.springframework.boot\spring-boot-starter-jdbc\2.4.3\2c5853339333cd2b545816d57f12f9d0a0fe6932\spring-boot-starter-jdbc-2.4.3.jar;C:\Users\TechCare\.gradle\caches\modules-2\files-2.1\jakarta.transaction\jakarta.transaction-api\1.3.3\c4179d48720a1e87202115fbed6089bdc4195405\jakarta.transaction-api-1.3.3.jar;C:\Users\TechCare\.gradle\caches\modules-2\files-2.1\jakarta.persist
Launcher Type: SUN_STANDARD

[Global flags]
     bool BytecodeVerificationLocal                = false                                     {product} {command line}
     bool BytecodeVerificationRemote               = false                                     {product} {command line}
     intx CICompilerCount                          = 4                                         {product} {ergonomic}
     uint ConcGCThreads                            = 2                                         {product} {ergonomic}
     uint G1ConcRefinementThreads                  = 8                                         {product} {ergonomic}
   size_t G1HeapRegionSize                         = 1048576                                   {product} {ergonomic}
    uintx GCDrainStackTargetSize                   = 64                                        {product} {ergonomic}
   size_t InitialHeapSize                          = 132120576                                 {product} {ergonomic}
     bool ManagementServer                         = true                                      {product} {command line}
   size_t MarkStackSize                            = 4194304                                   {product} {ergonomic}
   size_t MaxHeapSize                              = 2111832064                                {product} {ergonomic}
   size_t MaxNewSize                               = 1266679808                                {product} {ergonomic}
   size_t MinHeapDeltaBytes                        = 1048576                                   {product} {ergonomic}
    uintx NonNMethodCodeHeapSize                   = 7549744                                {pd product} {ergonomic}
    uintx NonProfiledCodeHeapSize                  = 244108496                              {pd product} {ergonomic}
    uintx ProfiledCodeHeapSize                     = 0                                      {pd product} {ergonomic}
    uintx ReservedCodeCacheSize                    = 251658240                              {pd product} {ergonomic}
     bool SegmentedCodeCache                       = true                                      {product} {ergonomic}
     intx TieredStopAtLevel                        = 1                                         {product} {command line}
     bool UseCompressedClassPointers               = true                                 {lp64_product} {ergonomic}
     bool UseCompressedOops                        = true                                 {lp64_product} {ergonomic}
     bool UseG1GC                                  = true                                      {product} {ergonomic}
     bool UseLargePagesIndividualAllocation        = false                                  {pd product} {ergonomic}

Logging:
Log output configuration:
 #0: stdout all=warning uptime,level,tags
 #1: stderr all=off uptime,level,tags

Environment Variables:
PATH=C:\Program Files\Common Files\Oracle\Java\javapath;C:\Program Files (x86)\Common Files\Oracle\Java\javapath;C:\WINDOWS\system32;C:\WINDOWS;C:\WINDOWS\System32\Wbem;C:\WINDOWS\System32\WindowsPowerShell\v1.0\;C:\WINDOWS\System32\OpenSSH\;C:\Program Files\Git\cmd;C:\Users\TechCare\AppData\Local\Microsoft\WindowsApps;
USERNAME=TechCare
OS=Windows_NT
PROCESSOR_IDENTIFIER=Intel64 Family 6 Model 158 Stepping 10, GenuineIntel



---------------  S Y S T E M  ---------------

OS: Windows 10 , 64 bit Build 19041 (10.0.19041.804)

CPU:total 8 (initial active 8) (4 cores per cpu, 2 threads per core) family 6 model 158 stepping 10 microcode 0xc6, cmov, cx8, fxsr, mmx, sse, sse2, sse3, ssse3, sse4.1, sse4.2, popcnt, avx, avx2, aes, clmul, erms, 3dnowpref, lzcnt, ht, tsc, tscinvbit, bmi1, bmi2, adx, fma

Memory: 4k page, system-wide physical 8052M (677M free)
TotalPageFile size 23235M (AvailPageFile size 0M)
current process WorkingSet (physical memory assigned to process): 118M, peak: 118M
current process commit charge ("private bytes"): 231M, peak: 232M

vm_info: Java HotSpot(TM) 64-Bit Server VM (11.0.10+8-LTS-162) for windows-amd64 JRE (11.0.10+8-LTS-162), built on Dec  8 2020 16:32:57 by "mach5one" with MS VC++ 15.9 (VS2017)

END.
